  [1m[36m (341.5ms)[0m  [1mCREATE TABLE "schema_migrations" ("version" varchar NOT NULL) [0m
  [1m[35m (0.2ms)[0m  select sqlite_version(*)
  [1m[36m (243.4ms)[0m  [1mCREATE UNIQUE INDEX "unique_schema_migrations" ON "schema_migrations" ("version")[0m
  [1m[35mActiveRecord::SchemaMigration Load (0.2ms)[0m  SELECT "schema_migrations".* FROM "schema_migrations"
Migrating to DeviseCreateUsers (20150409131055)
  [1m[36m (0.1ms)[0m  [1mbegin transaction[0m
DEPRECATION WARNING: `#timestamp` was called without specifying an option for `null`. In Rails 5, this behavior will change to `null: false`. You should manually specify `null: true` to prevent the behavior of your existing migrations from changing. (called from block in change at /home/silo/InfoShare/db/migrate/20150409131055_devise_create_users.rb:34)
  [1m[35m (0.7ms)[0m  CREATE TABLE "users" ("id" INTEGER PRIMARY KEY AUTOINCREMENT NOT NULL, "email" varchar DEFAULT '' NOT NULL, "encrypted_password" varchar DEFAULT '' NOT NULL, "reset_password_token" varchar, "reset_password_sent_at" datetime, "remember_created_at" datetime, "sign_in_count" integer DEFAULT 0 NOT NULL, "current_sign_in_at" datetime, "last_sign_in_at" datetime, "current_sign_in_ip" varchar, "last_sign_in_ip" varchar, "created_at" datetime, "updated_at" datetime) 
  [1m[36m (0.4ms)[0m  [1mCREATE UNIQUE INDEX "index_users_on_email" ON "users" ("email")[0m
  [1m[35m (0.2ms)[0m              SELECT sql
            FROM sqlite_master
            WHERE name='index_users_on_email' AND type='index'
            UNION ALL
            SELECT sql
            FROM sqlite_temp_master
            WHERE name='index_users_on_email' AND type='index'

  [1m[36m (0.3ms)[0m  [1mCREATE UNIQUE INDEX "index_users_on_reset_password_token" ON "users" ("reset_password_token")[0m
  [1m[35mSQL (0.3ms)[0m  INSERT INTO "schema_migrations" ("version") VALUES (?)  [["version", "20150409131055"]]
  [1m[36m (384.3ms)[0m  [1mcommit transaction[0m
  [1m[35mActiveRecord::SchemaMigration Load (0.2ms)[0m  SELECT "schema_migrations".* FROM "schema_migrations"
  [1m[36m (0.2ms)[0m  [1m            SELECT sql
            FROM sqlite_master
            WHERE name='index_users_on_reset_password_token' AND type='index'
            UNION ALL
            SELECT sql
            FROM sqlite_temp_master
            WHERE name='index_users_on_reset_password_token' AND type='index'
[0m
  [1m[35m (0.2ms)[0m              SELECT sql
            FROM sqlite_master
            WHERE name='index_users_on_email' AND type='index'
            UNION ALL
            SELECT sql
            FROM sqlite_temp_master
            WHERE name='index_users_on_email' AND type='index'

  [1m[36mActiveRecord::SchemaMigration Load (0.1ms)[0m  [1mSELECT "schema_migrations".* FROM "schema_migrations"[0m
Migrating to CreatePosts (20150409131258)
  [1m[35m (0.1ms)[0m  begin transaction
  [1m[36m (0.3ms)[0m  [1mCREATE TABLE "posts" ("id" INTEGER PRIMARY KEY AUTOINCREMENT NOT NULL, "user_id" integer, "title" varchar, "text" text, "image_file_name" varchar, "image_content_type" varchar, "image_file_size" integer, "image_updated_at" datetime, "created_at" datetime NOT NULL, "updated_at" datetime NOT NULL) [0m
  [1m[35m (0.1ms)[0m  select sqlite_version(*)
  [1m[36m (0.1ms)[0m  [1mCREATE  INDEX "index_posts_on_user_id" ON "posts" ("user_id")[0m
  [1m[35mSQL (0.1ms)[0m  INSERT INTO "schema_migrations" ("version") VALUES (?)  [["version", "20150409131258"]]
  [1m[36m (267.2ms)[0m  [1mcommit transaction[0m
  [1m[35mActiveRecord::SchemaMigration Load (0.2ms)[0m  SELECT "schema_migrations".* FROM "schema_migrations"
  [1m[36m (0.3ms)[0m  [1m            SELECT sql
            FROM sqlite_master
            WHERE name='index_posts_on_user_id' AND type='index'
            UNION ALL
            SELECT sql
            FROM sqlite_temp_master
            WHERE name='index_posts_on_user_id' AND type='index'
[0m
  [1m[35m (0.2ms)[0m              SELECT sql
            FROM sqlite_master
            WHERE name='index_users_on_reset_password_token' AND type='index'
            UNION ALL
            SELECT sql
            FROM sqlite_temp_master
            WHERE name='index_users_on_reset_password_token' AND type='index'

  [1m[36m (0.2ms)[0m  [1m            SELECT sql
            FROM sqlite_master
            WHERE name='index_users_on_email' AND type='index'
            UNION ALL
            SELECT sql
            FROM sqlite_temp_master
            WHERE name='index_users_on_email' AND type='index'
[0m


Started GET "/" for ::1 at 2015-04-09 10:30:04 -0300
  [1m[36mActiveRecord::SchemaMigration Load (0.1ms)[0m  [1mSELECT "schema_migrations".* FROM "schema_migrations"[0m
Processing by HomeController#index as HTML
  Rendered home/index.html.erb within layouts/application (1.3ms)
Completed 500 Internal Server Error in 15ms (ActiveRecord: 0.0ms)

SyntaxError (/home/silo/InfoShare/app/views/home/index.html.erb:2: syntax error, unexpected ')', expecting keyword_then or ';' or '\n'
...r.append=( if user_signed_in? );@output_buffer.safe_append='
...                               ^
/home/silo/InfoShare/app/views/home/index.html.erb:15: syntax error, unexpected keyword_else, expecting ')'
else 
    ^
/home/silo/InfoShare/app/views/home/index.html.erb:17: syntax error, unexpected keyword_end, expecting ')'
'.freeze; end 
             ^
/home/silo/InfoShare/app/views/home/index.html.erb:21: syntax error, unexpected keyword_ensure, expecting ')'
/home/silo/InfoShare/app/views/home/index.html.erb:23: syntax error, unexpected keyword_end, expecting ')'):
  app/views/home/index.html.erb:2: syntax error, unexpected ')', expecting keyword_then or ';' or '\n'
  app/views/home/index.html.erb:15: syntax error, unexpected keyword_else, expecting ')'
  app/views/home/index.html.erb:17: syntax error, unexpected keyword_end, expecting ')'
  app/views/home/index.html.erb:21: syntax error, unexpected keyword_ensure, expecting ')'
  app/views/home/index.html.erb:23: syntax error, unexpected keyword_end, expecting ')'


  Rendered /home/silo/.rvm/gems/ruby-2.2.1/gems/actionpack-4.2.1/lib/action_dispatch/middleware/templates/rescues/_source.erb (7.1ms)
  Rendered /home/silo/.rvm/gems/ruby-2.2.1/gems/actionpack-4.2.1/lib/action_dispatch/middleware/templates/rescues/_trace.html.erb (3.0ms)
  Rendered /home/silo/.rvm/gems/ruby-2.2.1/gems/actionpack-4.2.1/lib/action_dispatch/middleware/templates/rescues/_request_and_response.html.erb (0.8ms)
  Rendered /home/silo/.rvm/gems/ruby-2.2.1/gems/actionpack-4.2.1/lib/action_dispatch/middleware/templates/rescues/diagnostics.html.erb within rescues/layout (22.4ms)
  Rendered /home/silo/.rvm/gems/ruby-2.2.1/gems/web-console-2.1.2/lib/web_console/templates/_markup.html.erb (0.3ms)
  Rendered /home/silo/.rvm/gems/ruby-2.2.1/gems/web-console-2.1.2/lib/web_console/templates/style.css.erb within layouts/inlined_string (0.2ms)
  Rendered /home/silo/.rvm/gems/ruby-2.2.1/gems/web-console-2.1.2/lib/web_console/templates/_inner_console_markup.html.erb within layouts/inlined_string (0.4ms)
  Rendered /home/silo/.rvm/gems/ruby-2.2.1/gems/web-console-2.1.2/lib/web_console/templates/_prompt_box_markup.html.erb within layouts/inlined_string (0.3ms)
  Rendered /home/silo/.rvm/gems/ruby-2.2.1/gems/web-console-2.1.2/lib/web_console/templates/console.js.erb within layouts/javascript (13.3ms)
  Rendered /home/silo/.rvm/gems/ruby-2.2.1/gems/web-console-2.1.2/lib/web_console/templates/main.js.erb within layouts/javascript (0.3ms)
  Rendered /home/silo/.rvm/gems/ruby-2.2.1/gems/web-console-2.1.2/lib/web_console/templates/error_page.js.erb within layouts/javascript (0.3ms)
  Rendered /home/silo/.rvm/gems/ruby-2.2.1/gems/web-console-2.1.2/lib/web_console/templates/index.html.erb (30.7ms)


Started GET "/" for ::1 at 2015-04-09 10:32:05 -0300
Processing by HomeController#index as HTML
  Rendered home/index.html.erb within layouts/application (8.3ms)
Completed 200 OK in 1158ms (Views: 1157.7ms | ActiveRecord: 0.0ms)


Started GET "/" for ::1 at 2015-04-09 10:38:08 -0300

SyntaxError (/home/silo/InfoShare/app/controllers/home_controller.rb:10: syntax error, unexpected end-of-input, expecting keyword_end):
  app/controllers/home_controller.rb:10: syntax error, unexpected end-of-input, expecting keyword_end


  Rendered /home/silo/.rvm/gems/ruby-2.2.1/gems/actionpack-4.2.1/lib/action_dispatch/middleware/templates/rescues/_source.erb (4.9ms)
  Rendered /home/silo/.rvm/gems/ruby-2.2.1/gems/actionpack-4.2.1/lib/action_dispatch/middleware/templates/rescues/_trace.html.erb (5.7ms)
  Rendered /home/silo/.rvm/gems/ruby-2.2.1/gems/actionpack-4.2.1/lib/action_dispatch/middleware/templates/rescues/_request_and_response.html.erb (1.1ms)
  Rendered /home/silo/.rvm/gems/ruby-2.2.1/gems/actionpack-4.2.1/lib/action_dispatch/middleware/templates/rescues/diagnostics.html.erb within rescues/layout (22.9ms)
  Rendered /home/silo/.rvm/gems/ruby-2.2.1/gems/web-console-2.1.2/lib/web_console/templates/_markup.html.erb (0.2ms)
  Rendered /home/silo/.rvm/gems/ruby-2.2.1/gems/web-console-2.1.2/lib/web_console/templates/style.css.erb within layouts/inlined_string (0.2ms)
  Rendered /home/silo/.rvm/gems/ruby-2.2.1/gems/web-console-2.1.2/lib/web_console/templates/_inner_console_markup.html.erb within layouts/inlined_string (0.3ms)
  Rendered /home/silo/.rvm/gems/ruby-2.2.1/gems/web-console-2.1.2/lib/web_console/templates/_prompt_box_markup.html.erb within layouts/inlined_string (0.2ms)
  Rendered /home/silo/.rvm/gems/ruby-2.2.1/gems/web-console-2.1.2/lib/web_console/templates/console.js.erb within layouts/javascript (13.6ms)
  Rendered /home/silo/.rvm/gems/ruby-2.2.1/gems/web-console-2.1.2/lib/web_console/templates/main.js.erb within layouts/javascript (0.3ms)
  Rendered /home/silo/.rvm/gems/ruby-2.2.1/gems/web-console-2.1.2/lib/web_console/templates/error_page.js.erb within layouts/javascript (0.3ms)
  Rendered /home/silo/.rvm/gems/ruby-2.2.1/gems/web-console-2.1.2/lib/web_console/templates/index.html.erb (26.5ms)


Started GET "/" for ::1 at 2015-04-09 10:38:27 -0300
Processing by HomeController#index as HTML
  Rendered home/index.html.erb within layouts/application (0.7ms)
Completed 200 OK in 44ms (Views: 39.6ms | ActiveRecord: 0.0ms)


Started GET "/sign_in" for ::1 at 2015-04-09 10:38:33 -0300

ActionController::RoutingError (No route matches [GET] "/sign_in"):
  actionpack (4.2.1) lib/action_dispatch/middleware/debug_exceptions.rb:21:in `call'
  web-console (2.1.2) lib/web_console/middleware.rb:37:in `call'
  actionpack (4.2.1) lib/action_dispatch/middleware/show_exceptions.rb:30:in `call'
  railties (4.2.1) lib/rails/rack/logger.rb:38:in `call_app'
  railties (4.2.1) lib/rails/rack/logger.rb:20:in `block in call'
  activesupport (4.2.1) lib/active_support/tagged_logging.rb:68:in `block in tagged'
  activesupport (4.2.1) lib/active_support/tagged_logging.rb:26:in `tagged'
  activesupport (4.2.1) lib/active_support/tagged_logging.rb:68:in `tagged'
  railties (4.2.1) lib/rails/rack/logger.rb:20:in `call'
  actionpack (4.2.1) lib/action_dispatch/middleware/request_id.rb:21:in `call'
  rack (1.6.0) lib/rack/methodoverride.rb:22:in `call'
  rack (1.6.0) lib/rack/runtime.rb:18:in `call'
  activesupport (4.2.1) lib/active_support/cache/strategy/local_cache_middleware.rb:28:in `call'
  rack (1.6.0) lib/rack/lock.rb:17:in `call'
  actionpack (4.2.1) lib/action_dispatch/middleware/static.rb:113:in `call'
  rack (1.6.0) lib/rack/sendfile.rb:113:in `call'
  railties (4.2.1) lib/rails/engine.rb:518:in `call'
  railties (4.2.1) lib/rails/application.rb:164:in `call'
  rack (1.6.0) lib/rack/lock.rb:17:in `call'
  rack (1.6.0) lib/rack/content_length.rb:15:in `call'
  rack (1.6.0) lib/rack/handler/webrick.rb:89:in `service'
  /home/silo/.rvm/rubies/ruby-2.2.1/lib/ruby/2.2.0/webrick/httpserver.rb:138:in `service'
  /home/silo/.rvm/rubies/ruby-2.2.1/lib/ruby/2.2.0/webrick/httpserver.rb:94:in `run'
  /home/silo/.rvm/rubies/ruby-2.2.1/lib/ruby/2.2.0/webrick/server.rb:294:in `block in start_thread'


  Rendered /home/silo/.rvm/gems/ruby-2.2.1/gems/actionpack-4.2.1/lib/action_dispatch/middleware/templates/rescues/_trace.html.erb (1.6ms)
  Rendered /home/silo/.rvm/gems/ruby-2.2.1/gems/actionpack-4.2.1/lib/action_dispatch/middleware/templates/routes/_route.html.erb (2.3ms)
  Rendered /home/silo/.rvm/gems/ruby-2.2.1/gems/actionpack-4.2.1/lib/action_dispatch/middleware/templates/routes/_table.html.erb (20.6ms)
  Rendered /home/silo/.rvm/gems/ruby-2.2.1/gems/actionpack-4.2.1/lib/action_dispatch/middleware/templates/rescues/_request_and_response.html.erb (1.2ms)
  Rendered /home/silo/.rvm/gems/ruby-2.2.1/gems/actionpack-4.2.1/lib/action_dispatch/middleware/templates/rescues/routing_error.html.erb within rescues/layout (62.4ms)
  Rendered /home/silo/.rvm/gems/ruby-2.2.1/gems/web-console-2.1.2/lib/web_console/templates/_markup.html.erb (0.2ms)
  Rendered /home/silo/.rvm/gems/ruby-2.2.1/gems/web-console-2.1.2/lib/web_console/templates/style.css.erb within layouts/inlined_string (0.2ms)
  Rendered /home/silo/.rvm/gems/ruby-2.2.1/gems/web-console-2.1.2/lib/web_console/templates/_inner_console_markup.html.erb within layouts/inlined_string (0.4ms)
  Rendered /home/silo/.rvm/gems/ruby-2.2.1/gems/web-console-2.1.2/lib/web_console/templates/_prompt_box_markup.html.erb within layouts/inlined_string (0.3ms)
  Rendered /home/silo/.rvm/gems/ruby-2.2.1/gems/web-console-2.1.2/lib/web_console/templates/console.js.erb within layouts/javascript (13.6ms)
  Rendered /home/silo/.rvm/gems/ruby-2.2.1/gems/web-console-2.1.2/lib/web_console/templates/main.js.erb within layouts/javascript (0.2ms)
  Rendered /home/silo/.rvm/gems/ruby-2.2.1/gems/web-console-2.1.2/lib/web_console/templates/error_page.js.erb within layouts/javascript (0.3ms)
  Rendered /home/silo/.rvm/gems/ruby-2.2.1/gems/web-console-2.1.2/lib/web_console/templates/index.html.erb (25.7ms)


Started GET "/users/sign_in" for ::1 at 2015-04-09 10:38:42 -0300
Processing by Devise::SessionsController#new as HTML
  Rendered /home/silo/.rvm/gems/ruby-2.2.1/gems/devise-3.4.1/app/views/devise/shared/_links.html.erb (1.2ms)
  Rendered /home/silo/.rvm/gems/ruby-2.2.1/gems/devise-3.4.1/app/views/devise/sessions/new.html.erb within layouts/application (33.1ms)
Completed 200 OK in 93ms (Views: 81.1ms | ActiveRecord: 0.7ms)


Started GET "/users/sign_up" for ::1 at 2015-04-09 10:38:51 -0300
Processing by Devise::RegistrationsController#new as HTML
  Rendered /home/silo/.rvm/gems/ruby-2.2.1/gems/devise-3.4.1/app/views/devise/shared/_links.html.erb (0.6ms)
  Rendered /home/silo/.rvm/gems/ruby-2.2.1/gems/devise-3.4.1/app/views/devise/registrations/new.html.erb within layouts/application (7.2ms)
Completed 200 OK in 65ms (Views: 62.0ms | ActiveRecord: 0.0ms)


Started POST "/users" for ::1 at 2015-04-09 10:38:56 -0300
Processing by Devise::RegistrationsController#create as HTML
  Parameters: {"utf8"=>"✓", "authenticity_token"=>"9STm8Ej0D+4kWr9YpuxbwzJ1oJkZ4nPp7uDEgFxvy0yST0Ohk5vMWZHyAtkSUrXalrB8VwYFLGkzD3Oi+phEYg==", "user"=>{"email"=>"andresilox@gmail.com", "password"=>"[FILTERED]", "password_confirmation"=>"[FILTERED]"}, "commit"=>"Sign up"}
  [1m[35m (0.1ms)[0m  begin transaction
  [1m[36mUser Exists (0.1ms)[0m  [1mSELECT  1 AS one FROM "users" WHERE "users"."email" = 'andresilox@gmail.com' LIMIT 1[0m
  [1m[35mSQL (0.3ms)[0m  INSERT INTO "users" ("email", "encrypted_password", "created_at", "updated_at") VALUES (?, ?, ?, ?)  [["email", "andresilox@gmail.com"], ["encrypted_password", "$2a$10$p1obT3Ss3SyPTm9YD6J99eWVxWFNlJtwly/FE8hzbXaxt9ZLm74gm"], ["created_at", "2015-04-09 13:38:56.711113"], ["updated_at", "2015-04-09 13:38:56.711113"]]
  [1m[36m (188.6ms)[0m  [1mcommit transaction[0m
  [1m[35m (0.1ms)[0m  begin transaction
  [1m[36mSQL (0.2ms)[0m  [1mUPDATE "users" SET "last_sign_in_at" = ?, "current_sign_in_at" = ?, "last_sign_in_ip" = ?, "current_sign_in_ip" = ?, "sign_in_count" = ?, "updated_at" = ? WHERE "users"."id" = ?[0m  [["last_sign_in_at", "2015-04-09 13:38:56.902696"], ["current_sign_in_at", "2015-04-09 13:38:56.902696"], ["last_sign_in_ip", "::1"], ["current_sign_in_ip", "::1"], ["sign_in_count", 1], ["updated_at", "2015-04-09 13:38:56.903458"], ["id", 1]]
  [1m[35m (181.9ms)[0m  commit transaction
Redirected to http://localhost:3000/
Completed 302 Found in 610ms (ActiveRecord: 371.4ms)


Started GET "/" for ::1 at 2015-04-09 10:38:57 -0300
Processing by HomeController#index as HTML
  [1m[36mUser Load (0.2ms)[0m  [1mSELECT  "users".* FROM "users" WHERE "users"."id" = ?  ORDER BY "users"."id" ASC LIMIT 1[0m  [["id", 1]]
Completed 500 Internal Server Error in 4ms (ActiveRecord: 0.2ms)

NoMethodError (undefined method `post' for #<User:0x00000003402380>):
  app/controllers/home_controller.rb:4:in `index'


  Rendered /home/silo/.rvm/gems/ruby-2.2.1/gems/actionpack-4.2.1/lib/action_dispatch/middleware/templates/rescues/_source.erb (5.7ms)
  Rendered /home/silo/.rvm/gems/ruby-2.2.1/gems/actionpack-4.2.1/lib/action_dispatch/middleware/templates/rescues/_trace.html.erb (2.1ms)
  Rendered /home/silo/.rvm/gems/ruby-2.2.1/gems/actionpack-4.2.1/lib/action_dispatch/middleware/templates/rescues/_request_and_response.html.erb (0.8ms)
  Rendered /home/silo/.rvm/gems/ruby-2.2.1/gems/actionpack-4.2.1/lib/action_dispatch/middleware/templates/rescues/diagnostics.html.erb within rescues/layout (19.7ms)
  Rendered /home/silo/.rvm/gems/ruby-2.2.1/gems/web-console-2.1.2/lib/web_console/templates/_markup.html.erb (0.3ms)
  Rendered /home/silo/.rvm/gems/ruby-2.2.1/gems/web-console-2.1.2/lib/web_console/templates/style.css.erb within layouts/inlined_string (0.2ms)
  Rendered /home/silo/.rvm/gems/ruby-2.2.1/gems/web-console-2.1.2/lib/web_console/templates/_inner_console_markup.html.erb within layouts/inlined_string (0.2ms)
  Rendered /home/silo/.rvm/gems/ruby-2.2.1/gems/web-console-2.1.2/lib/web_console/templates/_prompt_box_markup.html.erb within layouts/inlined_string (0.3ms)
  Rendered /home/silo/.rvm/gems/ruby-2.2.1/gems/web-console-2.1.2/lib/web_console/templates/console.js.erb within layouts/javascript (13.7ms)
  Rendered /home/silo/.rvm/gems/ruby-2.2.1/gems/web-console-2.1.2/lib/web_console/templates/main.js.erb within layouts/javascript (0.3ms)
  Rendered /home/silo/.rvm/gems/ruby-2.2.1/gems/web-console-2.1.2/lib/web_console/templates/error_page.js.erb within layouts/javascript (0.3ms)
  Rendered /home/silo/.rvm/gems/ruby-2.2.1/gems/web-console-2.1.2/lib/web_console/templates/index.html.erb (26.2ms)


Started GET "/" for ::1 at 2015-04-09 10:40:13 -0300
Processing by HomeController#index as HTML
  [1m[35mUser Load (0.2ms)[0m  SELECT  "users".* FROM "users" WHERE "users"."id" = ?  ORDER BY "users"."id" ASC LIMIT 1  [["id", 1]]
  Rendered home/index.html.erb within layouts/application (16.8ms)
Completed 500 Internal Server Error in 50ms (ActiveRecord: 1.0ms)

ActionView::Template::Error (undefined method `posts_path' for #<#<Class:0x00000001bae748>:0x000000019a93a8>):
    1: <h1>Home</h1>
    2: <% if user_signed_in? %>
    3: 
    4:  <%=form_for @post do |p| %>
    5:  <%= p.label :title %>
    6:  <hr>
    7:  <%= p.text_field :title %>
  app/views/home/index.html.erb:4:in `_app_views_home_index_html_erb__2782239864428392103_44675380'


  Rendered /home/silo/.rvm/gems/ruby-2.2.1/gems/actionpack-4.2.1/lib/action_dispatch/middleware/templates/rescues/_source.erb (6.6ms)
  Rendered /home/silo/.rvm/gems/ruby-2.2.1/gems/actionpack-4.2.1/lib/action_dispatch/middleware/templates/rescues/_trace.html.erb (2.5ms)
  Rendered /home/silo/.rvm/gems/ruby-2.2.1/gems/actionpack-4.2.1/lib/action_dispatch/middleware/templates/rescues/_request_and_response.html.erb (0.7ms)
  Rendered /home/silo/.rvm/gems/ruby-2.2.1/gems/actionpack-4.2.1/lib/action_dispatch/middleware/templates/rescues/template_error.html.erb within rescues/layout (20.7ms)
  Rendered /home/silo/.rvm/gems/ruby-2.2.1/gems/web-console-2.1.2/lib/web_console/templates/_markup.html.erb (0.3ms)
  Rendered /home/silo/.rvm/gems/ruby-2.2.1/gems/web-console-2.1.2/lib/web_console/templates/style.css.erb within layouts/inlined_string (0.2ms)
  Rendered /home/silo/.rvm/gems/ruby-2.2.1/gems/web-console-2.1.2/lib/web_console/templates/_inner_console_markup.html.erb within layouts/inlined_string (0.2ms)
  Rendered /home/silo/.rvm/gems/ruby-2.2.1/gems/web-console-2.1.2/lib/web_console/templates/_prompt_box_markup.html.erb within layouts/inlined_string (0.4ms)
  Rendered /home/silo/.rvm/gems/ruby-2.2.1/gems/web-console-2.1.2/lib/web_console/templates/console.js.erb within layouts/javascript (13.0ms)
  Rendered /home/silo/.rvm/gems/ruby-2.2.1/gems/web-console-2.1.2/lib/web_console/templates/main.js.erb within layouts/javascript (0.3ms)
  Rendered /home/silo/.rvm/gems/ruby-2.2.1/gems/web-console-2.1.2/lib/web_console/templates/error_page.js.erb within layouts/javascript (0.4ms)
  Rendered /home/silo/.rvm/gems/ruby-2.2.1/gems/web-console-2.1.2/lib/web_console/templates/index.html.erb (25.6ms)


Started GET "/" for ::1 at 2015-04-09 10:41:03 -0300
Processing by HomeController#index as HTML
  [1m[36mUser Load (0.2ms)[0m  [1mSELECT  "users".* FROM "users" WHERE "users"."id" = ?  ORDER BY "users"."id" ASC LIMIT 1[0m  [["id", 1]]
  Rendered home/index.html.erb within layouts/application (20.8ms)
Completed 500 Internal Server Error in 27ms (ActiveRecord: 0.2ms)

ActionView::Template::Error (undefined method `posts_path' for #<#<Class:0x00000001bae748>:0x007f32e16505c0>):
    1: <h1>Home</h1>
    2: <% if user_signed_in? %>
    3: 
    4:  <%=form_for @posts do |p| %>
    5:  <%= p.label :title %>
    6:  <hr>
    7:  <%= p.text_field :title %>
  app/views/home/index.html.erb:4:in `_app_views_home_index_html_erb__2782239864428392103_40482140'


  Rendered /home/silo/.rvm/gems/ruby-2.2.1/gems/actionpack-4.2.1/lib/action_dispatch/middleware/templates/rescues/_source.erb (6.3ms)
  Rendered /home/silo/.rvm/gems/ruby-2.2.1/gems/actionpack-4.2.1/lib/action_dispatch/middleware/templates/rescues/_trace.html.erb (2.4ms)
  Rendered /home/silo/.rvm/gems/ruby-2.2.1/gems/actionpack-4.2.1/lib/action_dispatch/middleware/templates/rescues/_request_and_response.html.erb (0.8ms)
  Rendered /home/silo/.rvm/gems/ruby-2.2.1/gems/actionpack-4.2.1/lib/action_dispatch/middleware/templates/rescues/template_error.html.erb within rescues/layout (19.9ms)
  Rendered /home/silo/.rvm/gems/ruby-2.2.1/gems/web-console-2.1.2/lib/web_console/templates/_markup.html.erb (0.2ms)
  Rendered /home/silo/.rvm/gems/ruby-2.2.1/gems/web-console-2.1.2/lib/web_console/templates/style.css.erb within layouts/inlined_string (0.2ms)
  Rendered /home/silo/.rvm/gems/ruby-2.2.1/gems/web-console-2.1.2/lib/web_console/templates/_inner_console_markup.html.erb within layouts/inlined_string (0.2ms)
  Rendered /home/silo/.rvm/gems/ruby-2.2.1/gems/web-console-2.1.2/lib/web_console/templates/_prompt_box_markup.html.erb within layouts/inlined_string (0.3ms)
  Rendered /home/silo/.rvm/gems/ruby-2.2.1/gems/web-console-2.1.2/lib/web_console/templates/console.js.erb within layouts/javascript (13.1ms)
  Rendered /home/silo/.rvm/gems/ruby-2.2.1/gems/web-console-2.1.2/lib/web_console/templates/main.js.erb within layouts/javascript (0.2ms)
  Rendered /home/silo/.rvm/gems/ruby-2.2.1/gems/web-console-2.1.2/lib/web_console/templates/error_page.js.erb within layouts/javascript (0.3ms)
  Rendered /home/silo/.rvm/gems/ruby-2.2.1/gems/web-console-2.1.2/lib/web_console/templates/index.html.erb (25.2ms)


Started GET "/" for ::1 at 2015-04-09 10:41:05 -0300
Processing by HomeController#index as HTML
  [1m[35mUser Load (0.2ms)[0m  SELECT  "users".* FROM "users" WHERE "users"."id" = ?  ORDER BY "users"."id" ASC LIMIT 1  [["id", 1]]
  Rendered home/index.html.erb within layouts/application (27.3ms)
Completed 500 Internal Server Error in 36ms (ActiveRecord: 0.2ms)

ActionView::Template::Error (undefined method `posts_path' for #<#<Class:0x00000001bae748>:0x007f32e23d6b18>):
    1: <h1>Home</h1>
    2: <% if user_signed_in? %>
    3: 
    4:  <%=form_for @posts do |p| %>
    5:  <%= p.label :title %>
    6:  <hr>
    7:  <%= p.text_field :title %>
  app/views/home/index.html.erb:4:in `_app_views_home_index_html_erb__2782239864428392103_40482140'


  Rendered /home/silo/.rvm/gems/ruby-2.2.1/gems/actionpack-4.2.1/lib/action_dispatch/middleware/templates/rescues/_source.erb (6.8ms)
  Rendered /home/silo/.rvm/gems/ruby-2.2.1/gems/actionpack-4.2.1/lib/action_dispatch/middleware/templates/rescues/_trace.html.erb (2.6ms)
  Rendered /home/silo/.rvm/gems/ruby-2.2.1/gems/actionpack-4.2.1/lib/action_dispatch/middleware/templates/rescues/_request_and_response.html.erb (0.8ms)
  Rendered /home/silo/.rvm/gems/ruby-2.2.1/gems/actionpack-4.2.1/lib/action_dispatch/middleware/templates/rescues/template_error.html.erb within rescues/layout (21.0ms)
  Rendered /home/silo/.rvm/gems/ruby-2.2.1/gems/web-console-2.1.2/lib/web_console/templates/_markup.html.erb (0.3ms)
  Rendered /home/silo/.rvm/gems/ruby-2.2.1/gems/web-console-2.1.2/lib/web_console/templates/style.css.erb within layouts/inlined_string (0.2ms)
  Rendered /home/silo/.rvm/gems/ruby-2.2.1/gems/web-console-2.1.2/lib/web_console/templates/_inner_console_markup.html.erb within layouts/inlined_string (0.2ms)
  Rendered /home/silo/.rvm/gems/ruby-2.2.1/gems/web-console-2.1.2/lib/web_console/templates/_prompt_box_markup.html.erb within layouts/inlined_string (0.3ms)
  Rendered /home/silo/.rvm/gems/ruby-2.2.1/gems/web-console-2.1.2/lib/web_console/templates/console.js.erb within layouts/javascript (12.9ms)
  Rendered /home/silo/.rvm/gems/ruby-2.2.1/gems/web-console-2.1.2/lib/web_console/templates/main.js.erb within layouts/javascript (0.2ms)
  Rendered /home/silo/.rvm/gems/ruby-2.2.1/gems/web-console-2.1.2/lib/web_console/templates/error_page.js.erb within layouts/javascript (0.3ms)
  Rendered /home/silo/.rvm/gems/ruby-2.2.1/gems/web-console-2.1.2/lib/web_console/templates/index.html.erb (25.2ms)


Started GET "/" for ::1 at 2015-04-09 10:41:29 -0300
Processing by HomeController#index as HTML
  [1m[36mUser Load (0.1ms)[0m  [1mSELECT  "users".* FROM "users" WHERE "users"."id" = ?  ORDER BY "users"."id" ASC LIMIT 1[0m  [["id", 1]]
  Rendered home/index.html.erb within layouts/application (12.5ms)
Completed 500 Internal Server Error in 17ms (ActiveRecord: 0.1ms)

ActionView::Template::Error (undefined method `posts_path' for #<#<Class:0x00000001bae748>:0x00000004f78b00>):
    1: <h1>Home</h1>
    2: <% if user_signed_in? %>
    3: 
    4:  <% form_for @post do |p| %>
    5:  <%= p.label :title %>
    6:  <hr>
    7:  <%= p.text_field :title %>
  app/views/home/index.html.erb:4:in `_app_views_home_index_html_erb__2782239864428392103_41653880'


  Rendered /home/silo/.rvm/gems/ruby-2.2.1/gems/actionpack-4.2.1/lib/action_dispatch/middleware/templates/rescues/_source.erb (6.4ms)
  Rendered /home/silo/.rvm/gems/ruby-2.2.1/gems/actionpack-4.2.1/lib/action_dispatch/middleware/templates/rescues/_trace.html.erb (2.3ms)
  Rendered /home/silo/.rvm/gems/ruby-2.2.1/gems/actionpack-4.2.1/lib/action_dispatch/middleware/templates/rescues/_request_and_response.html.erb (0.8ms)
  Rendered /home/silo/.rvm/gems/ruby-2.2.1/gems/actionpack-4.2.1/lib/action_dispatch/middleware/templates/rescues/template_error.html.erb within rescues/layout (19.7ms)
  Rendered /home/silo/.rvm/gems/ruby-2.2.1/gems/web-console-2.1.2/lib/web_console/templates/_markup.html.erb (0.2ms)
  Rendered /home/silo/.rvm/gems/ruby-2.2.1/gems/web-console-2.1.2/lib/web_console/templates/style.css.erb within layouts/inlined_string (0.2ms)
  Rendered /home/silo/.rvm/gems/ruby-2.2.1/gems/web-console-2.1.2/lib/web_console/templates/_inner_console_markup.html.erb within layouts/inlined_string (0.2ms)
  Rendered /home/silo/.rvm/gems/ruby-2.2.1/gems/web-console-2.1.2/lib/web_console/templates/_prompt_box_markup.html.erb within layouts/inlined_string (0.3ms)
  Rendered /home/silo/.rvm/gems/ruby-2.2.1/gems/web-console-2.1.2/lib/web_console/templates/console.js.erb within layouts/javascript (12.8ms)
  Rendered /home/silo/.rvm/gems/ruby-2.2.1/gems/web-console-2.1.2/lib/web_console/templates/main.js.erb within layouts/javascript (0.2ms)
  Rendered /home/silo/.rvm/gems/ruby-2.2.1/gems/web-console-2.1.2/lib/web_console/templates/error_page.js.erb within layouts/javascript (0.3ms)
  Rendered /home/silo/.rvm/gems/ruby-2.2.1/gems/web-console-2.1.2/lib/web_console/templates/index.html.erb (24.7ms)


Started GET "/" for ::1 at 2015-04-09 10:41:31 -0300
Processing by HomeController#index as HTML
  [1m[35mUser Load (0.2ms)[0m  SELECT  "users".* FROM "users" WHERE "users"."id" = ?  ORDER BY "users"."id" ASC LIMIT 1  [["id", 1]]
  Rendered home/index.html.erb within layouts/application (21.1ms)
Completed 500 Internal Server Error in 27ms (ActiveRecord: 0.2ms)

ActionView::Template::Error (undefined method `posts_path' for #<#<Class:0x00000001bae748>:0x007f32e1eeeab0>):
    1: <h1>Home</h1>
    2: <% if user_signed_in? %>
    3: 
    4:  <% form_for @post do |p| %>
    5:  <%= p.label :title %>
    6:  <hr>
    7:  <%= p.text_field :title %>
  app/views/home/index.html.erb:4:in `_app_views_home_index_html_erb__2782239864428392103_41653880'


  Rendered /home/silo/.rvm/gems/ruby-2.2.1/gems/actionpack-4.2.1/lib/action_dispatch/middleware/templates/rescues/_source.erb (10.3ms)
  Rendered /home/silo/.rvm/gems/ruby-2.2.1/gems/actionpack-4.2.1/lib/action_dispatch/middleware/templates/rescues/_trace.html.erb (4.0ms)
  Rendered /home/silo/.rvm/gems/ruby-2.2.1/gems/actionpack-4.2.1/lib/action_dispatch/middleware/templates/rescues/_request_and_response.html.erb (1.4ms)
  Rendered /home/silo/.rvm/gems/ruby-2.2.1/gems/actionpack-4.2.1/lib/action_dispatch/middleware/templates/rescues/template_error.html.erb within rescues/layout (27.3ms)
  Rendered /home/silo/.rvm/gems/ruby-2.2.1/gems/web-console-2.1.2/lib/web_console/templates/_markup.html.erb (0.2ms)
  Rendered /home/silo/.rvm/gems/ruby-2.2.1/gems/web-console-2.1.2/lib/web_console/templates/style.css.erb within layouts/inlined_string (0.2ms)
  Rendered /home/silo/.rvm/gems/ruby-2.2.1/gems/web-console-2.1.2/lib/web_console/templates/_inner_console_markup.html.erb within layouts/inlined_string (0.4ms)
  Rendered /home/silo/.rvm/gems/ruby-2.2.1/gems/web-console-2.1.2/lib/web_console/templates/_prompt_box_markup.html.erb within layouts/inlined_string (0.2ms)
  Rendered /home/silo/.rvm/gems/ruby-2.2.1/gems/web-console-2.1.2/lib/web_console/templates/console.js.erb within layouts/javascript (14.9ms)
  Rendered /home/silo/.rvm/gems/ruby-2.2.1/gems/web-console-2.1.2/lib/web_console/templates/main.js.erb within layouts/javascript (0.5ms)
  Rendered /home/silo/.rvm/gems/ruby-2.2.1/gems/web-console-2.1.2/lib/web_console/templates/error_page.js.erb within layouts/javascript (0.6ms)
  Rendered /home/silo/.rvm/gems/ruby-2.2.1/gems/web-console-2.1.2/lib/web_console/templates/index.html.erb (28.9ms)


Started GET "/" for ::1 at 2015-04-09 10:41:32 -0300
Processing by HomeController#index as HTML
  [1m[36mUser Load (0.2ms)[0m  [1mSELECT  "users".* FROM "users" WHERE "users"."id" = ?  ORDER BY "users"."id" ASC LIMIT 1[0m  [["id", 1]]
  Rendered home/index.html.erb within layouts/application (22.2ms)
Completed 500 Internal Server Error in 29ms (ActiveRecord: 0.2ms)

ActionView::Template::Error (undefined method `posts_path' for #<#<Class:0x00000001bae748>:0x0000000511e478>):
    1: <h1>Home</h1>
    2: <% if user_signed_in? %>
    3: 
    4:  <% form_for @post do |p| %>
    5:  <%= p.label :title %>
    6:  <hr>
    7:  <%= p.text_field :title %>
  app/views/home/index.html.erb:4:in `_app_views_home_index_html_erb__2782239864428392103_41653880'


  Rendered /home/silo/.rvm/gems/ruby-2.2.1/gems/actionpack-4.2.1/lib/action_dispatch/middleware/templates/rescues/_source.erb (6.6ms)
  Rendered /home/silo/.rvm/gems/ruby-2.2.1/gems/actionpack-4.2.1/lib/action_dispatch/middleware/templates/rescues/_trace.html.erb (2.4ms)
  Rendered /home/silo/.rvm/gems/ruby-2.2.1/gems/actionpack-4.2.1/lib/action_dispatch/middleware/templates/rescues/_request_and_response.html.erb (0.7ms)
  Rendered /home/silo/.rvm/gems/ruby-2.2.1/gems/actionpack-4.2.1/lib/action_dispatch/middleware/templates/rescues/template_error.html.erb within rescues/layout (20.6ms)
  Rendered /home/silo/.rvm/gems/ruby-2.2.1/gems/web-console-2.1.2/lib/web_console/templates/_markup.html.erb (0.3ms)
  Rendered /home/silo/.rvm/gems/ruby-2.2.1/gems/web-console-2.1.2/lib/web_console/templates/style.css.erb within layouts/inlined_string (0.2ms)
  Rendered /home/silo/.rvm/gems/ruby-2.2.1/gems/web-console-2.1.2/lib/web_console/templates/_inner_console_markup.html.erb within layouts/inlined_string (0.3ms)
  Rendered /home/silo/.rvm/gems/ruby-2.2.1/gems/web-console-2.1.2/lib/web_console/templates/_prompt_box_markup.html.erb within layouts/inlined_string (0.4ms)
  Rendered /home/silo/.rvm/gems/ruby-2.2.1/gems/web-console-2.1.2/lib/web_console/templates/console.js.erb within layouts/javascript (13.2ms)
  Rendered /home/silo/.rvm/gems/ruby-2.2.1/gems/web-console-2.1.2/lib/web_console/templates/main.js.erb within layouts/javascript (0.3ms)
  Rendered /home/silo/.rvm/gems/ruby-2.2.1/gems/web-console-2.1.2/lib/web_console/templates/error_page.js.erb within layouts/javascript (0.3ms)
  Rendered /home/silo/.rvm/gems/ruby-2.2.1/gems/web-console-2.1.2/lib/web_console/templates/index.html.erb (25.3ms)


Started GET "/users/sign_in" for ::1 at 2015-04-09 10:41:36 -0300
Processing by Devise::SessionsController#new as HTML
  [1m[35mUser Load (0.1ms)[0m  SELECT  "users".* FROM "users" WHERE "users"."id" = ?  ORDER BY "users"."id" ASC LIMIT 1  [["id", 1]]
Redirected to http://localhost:3000/
Filter chain halted as :require_no_authentication rendered or redirected
Completed 302 Found in 2ms (ActiveRecord: 0.1ms)


Started GET "/" for ::1 at 2015-04-09 10:41:36 -0300
Processing by HomeController#index as HTML
  [1m[36mUser Load (0.1ms)[0m  [1mSELECT  "users".* FROM "users" WHERE "users"."id" = ?  ORDER BY "users"."id" ASC LIMIT 1[0m  [["id", 1]]
  Rendered home/index.html.erb within layouts/application (13.8ms)
Completed 500 Internal Server Error in 17ms (ActiveRecord: 0.1ms)

ActionView::Template::Error (undefined method `posts_path' for #<#<Class:0x00000001bae748>:0x007f32e1ed6168>):
    1: <h1>Home</h1>
    2: <% if user_signed_in? %>
    3: 
    4:  <% form_for @post do |p| %>
    5:  <%= p.label :title %>
    6:  <hr>
    7:  <%= p.text_field :title %>
  app/views/home/index.html.erb:4:in `_app_views_home_index_html_erb__2782239864428392103_69928257758900'


  Rendered /home/silo/.rvm/gems/ruby-2.2.1/gems/actionpack-4.2.1/lib/action_dispatch/middleware/templates/rescues/_source.erb (7.5ms)
  Rendered /home/silo/.rvm/gems/ruby-2.2.1/gems/actionpack-4.2.1/lib/action_dispatch/middleware/templates/rescues/_trace.html.erb (2.6ms)
  Rendered /home/silo/.rvm/gems/ruby-2.2.1/gems/actionpack-4.2.1/lib/action_dispatch/middleware/templates/rescues/_request_and_response.html.erb (1.0ms)
  Rendered /home/silo/.rvm/gems/ruby-2.2.1/gems/actionpack-4.2.1/lib/action_dispatch/middleware/templates/rescues/template_error.html.erb within rescues/layout (21.6ms)
  Rendered /home/silo/.rvm/gems/ruby-2.2.1/gems/web-console-2.1.2/lib/web_console/templates/_markup.html.erb (0.2ms)
  Rendered /home/silo/.rvm/gems/ruby-2.2.1/gems/web-console-2.1.2/lib/web_console/templates/style.css.erb within layouts/inlined_string (0.2ms)
  Rendered /home/silo/.rvm/gems/ruby-2.2.1/gems/web-console-2.1.2/lib/web_console/templates/_inner_console_markup.html.erb within layouts/inlined_string (0.3ms)
  Rendered /home/silo/.rvm/gems/ruby-2.2.1/gems/web-console-2.1.2/lib/web_console/templates/_prompt_box_markup.html.erb within layouts/inlined_string (0.4ms)
  Rendered /home/silo/.rvm/gems/ruby-2.2.1/gems/web-console-2.1.2/lib/web_console/templates/console.js.erb within layouts/javascript (13.8ms)
  Rendered /home/silo/.rvm/gems/ruby-2.2.1/gems/web-console-2.1.2/lib/web_console/templates/main.js.erb within layouts/javascript (0.2ms)
  Rendered /home/silo/.rvm/gems/ruby-2.2.1/gems/web-console-2.1.2/lib/web_console/templates/error_page.js.erb within layouts/javascript (0.3ms)
  Rendered /home/silo/.rvm/gems/ruby-2.2.1/gems/web-console-2.1.2/lib/web_console/templates/index.html.erb (26.8ms)


Started GET "/users/sign_in" for ::1 at 2015-04-09 10:41:36 -0300
Processing by Devise::SessionsController#new as HTML
  [1m[35mUser Load (0.1ms)[0m  SELECT  "users".* FROM "users" WHERE "users"."id" = ?  ORDER BY "users"."id" ASC LIMIT 1  [["id", 1]]
Redirected to http://localhost:3000/
Filter chain halted as :require_no_authentication rendered or redirected
Completed 302 Found in 2ms (ActiveRecord: 0.1ms)


Started GET "/" for ::1 at 2015-04-09 10:41:36 -0300
Processing by HomeController#index as HTML
  [1m[36mUser Load (0.1ms)[0m  [1mSELECT  "users".* FROM "users" WHERE "users"."id" = ?  ORDER BY "users"."id" ASC LIMIT 1[0m  [["id", 1]]
  Rendered home/index.html.erb within layouts/application (13.9ms)
Completed 500 Internal Server Error in 17ms (ActiveRecord: 0.1ms)

ActionView::Template::Error (undefined method `posts_path' for #<#<Class:0x00000001bae748>:0x00000004d4f860>):
    1: <h1>Home</h1>
    2: <% if user_signed_in? %>
    3: 
    4:  <% form_for @post do |p| %>
    5:  <%= p.label :title %>
    6:  <hr>
    7:  <%= p.text_field :title %>
  app/views/home/index.html.erb:4:in `_app_views_home_index_html_erb__2782239864428392103_41653880'


  Rendered /home/silo/.rvm/gems/ruby-2.2.1/gems/actionpack-4.2.1/lib/action_dispatch/middleware/templates/rescues/_source.erb (6.8ms)
  Rendered /home/silo/.rvm/gems/ruby-2.2.1/gems/actionpack-4.2.1/lib/action_dispatch/middleware/templates/rescues/_trace.html.erb (3.5ms)
  Rendered /home/silo/.rvm/gems/ruby-2.2.1/gems/actionpack-4.2.1/lib/action_dispatch/middleware/templates/rescues/_request_and_response.html.erb (1.1ms)
  Rendered /home/silo/.rvm/gems/ruby-2.2.1/gems/actionpack-4.2.1/lib/action_dispatch/middleware/templates/rescues/template_error.html.erb within rescues/layout (22.5ms)
  Rendered /home/silo/.rvm/gems/ruby-2.2.1/gems/web-console-2.1.2/lib/web_console/templates/_markup.html.erb (0.4ms)
  Rendered /home/silo/.rvm/gems/ruby-2.2.1/gems/web-console-2.1.2/lib/web_console/templates/style.css.erb within layouts/inlined_string (0.2ms)
  Rendered /home/silo/.rvm/gems/ruby-2.2.1/gems/web-console-2.1.2/lib/web_console/templates/_inner_console_markup.html.erb within layouts/inlined_string (0.5ms)
  Rendered /home/silo/.rvm/gems/ruby-2.2.1/gems/web-console-2.1.2/lib/web_console/templates/_prompt_box_markup.html.erb within layouts/inlined_string (0.3ms)
  Rendered /home/silo/.rvm/gems/ruby-2.2.1/gems/web-console-2.1.2/lib/web_console/templates/console.js.erb within layouts/javascript (14.1ms)
  Rendered /home/silo/.rvm/gems/ruby-2.2.1/gems/web-console-2.1.2/lib/web_console/templates/main.js.erb within layouts/javascript (0.4ms)
  Rendered /home/silo/.rvm/gems/ruby-2.2.1/gems/web-console-2.1.2/lib/web_console/templates/error_page.js.erb within layouts/javascript (0.3ms)
  Rendered /home/silo/.rvm/gems/ruby-2.2.1/gems/web-console-2.1.2/lib/web_console/templates/index.html.erb (27.5ms)


Started GET "/" for ::1 at 2015-04-09 10:43:44 -0300
Processing by HomeController#index as HTML
  [1m[35mUser Load (0.2ms)[0m  SELECT  "users".* FROM "users" WHERE "users"."id" = ?  ORDER BY "users"."id" ASC LIMIT 1  [["id", 1]]
Completed 500 Internal Server Error in 19ms (ActiveRecord: 0.9ms)

NameError (undefined local variable or method `post_params' for #<HomeController:0x007f32e21c6a80>):
  app/controllers/home_controller.rb:4:in `index'


  Rendered /home/silo/.rvm/gems/ruby-2.2.1/gems/actionpack-4.2.1/lib/action_dispatch/middleware/templates/rescues/_source.erb (5.0ms)
  Rendered /home/silo/.rvm/gems/ruby-2.2.1/gems/actionpack-4.2.1/lib/action_dispatch/middleware/templates/rescues/_trace.html.erb (2.3ms)
  Rendered /home/silo/.rvm/gems/ruby-2.2.1/gems/actionpack-4.2.1/lib/action_dispatch/middleware/templates/rescues/_request_and_response.html.erb (0.8ms)
  Rendered /home/silo/.rvm/gems/ruby-2.2.1/gems/actionpack-4.2.1/lib/action_dispatch/middleware/templates/rescues/diagnostics.html.erb within rescues/layout (23.0ms)
  Rendered /home/silo/.rvm/gems/ruby-2.2.1/gems/web-console-2.1.2/lib/web_console/templates/_markup.html.erb (0.2ms)
  Rendered /home/silo/.rvm/gems/ruby-2.2.1/gems/web-console-2.1.2/lib/web_console/templates/style.css.erb within layouts/inlined_string (0.2ms)
  Rendered /home/silo/.rvm/gems/ruby-2.2.1/gems/web-console-2.1.2/lib/web_console/templates/_inner_console_markup.html.erb within layouts/inlined_string (0.3ms)
  Rendered /home/silo/.rvm/gems/ruby-2.2.1/gems/web-console-2.1.2/lib/web_console/templates/_prompt_box_markup.html.erb within layouts/inlined_string (0.3ms)
  Rendered /home/silo/.rvm/gems/ruby-2.2.1/gems/web-console-2.1.2/lib/web_console/templates/console.js.erb within layouts/javascript (13.5ms)
  Rendered /home/silo/.rvm/gems/ruby-2.2.1/gems/web-console-2.1.2/lib/web_console/templates/main.js.erb within layouts/javascript (0.2ms)
  Rendered /home/silo/.rvm/gems/ruby-2.2.1/gems/web-console-2.1.2/lib/web_console/templates/error_page.js.erb within layouts/javascript (0.3ms)
  Rendered /home/silo/.rvm/gems/ruby-2.2.1/gems/web-console-2.1.2/lib/web_console/templates/index.html.erb (26.2ms)


Started GET "/" for ::1 at 2015-04-09 10:44:49 -0300
Processing by HomeController#index as HTML
  [1m[36mUser Load (0.2ms)[0m  [1mSELECT  "users".* FROM "users" WHERE "users"."id" = ?  ORDER BY "users"."id" ASC LIMIT 1[0m  [["id", 1]]
  [1m[35mPost Load (0.2ms)[0m  SELECT "posts".* FROM "posts" WHERE "posts"."user_id" = ?  [["user_id", 1]]
  Rendered home/index.html.erb within layouts/application (15.2ms)
Completed 500 Internal Server Error in 37ms (ActiveRecord: 1.2ms)

ActionView::Template::Error (undefined method `posts_path' for #<#<Class:0x007f32e1862340>:0x007f32e1861828>):
    1: <h1>Home</h1>
    2: <% if user_signed_in? %>
    3: 
    4:  <% form_for @post do |p| %>
    5:  <%= p.label :title %>
    6:  <hr>
    7:  <%= p.text_field :title %>
  app/views/home/index.html.erb:4:in `_app_views_home_index_html_erb__2782239864428392103_41653880'


  Rendered /home/silo/.rvm/gems/ruby-2.2.1/gems/actionpack-4.2.1/lib/action_dispatch/middleware/templates/rescues/_source.erb (6.4ms)
  Rendered /home/silo/.rvm/gems/ruby-2.2.1/gems/actionpack-4.2.1/lib/action_dispatch/middleware/templates/rescues/_trace.html.erb (2.5ms)
  Rendered /home/silo/.rvm/gems/ruby-2.2.1/gems/actionpack-4.2.1/lib/action_dispatch/middleware/templates/rescues/_request_and_response.html.erb (0.7ms)
  Rendered /home/silo/.rvm/gems/ruby-2.2.1/gems/actionpack-4.2.1/lib/action_dispatch/middleware/templates/rescues/template_error.html.erb within rescues/layout (20.5ms)
  Rendered /home/silo/.rvm/gems/ruby-2.2.1/gems/web-console-2.1.2/lib/web_console/templates/_markup.html.erb (0.3ms)
  Rendered /home/silo/.rvm/gems/ruby-2.2.1/gems/web-console-2.1.2/lib/web_console/templates/style.css.erb within layouts/inlined_string (0.2ms)
  Rendered /home/silo/.rvm/gems/ruby-2.2.1/gems/web-console-2.1.2/lib/web_console/templates/_inner_console_markup.html.erb within layouts/inlined_string (0.3ms)
  Rendered /home/silo/.rvm/gems/ruby-2.2.1/gems/web-console-2.1.2/lib/web_console/templates/_prompt_box_markup.html.erb within layouts/inlined_string (0.3ms)
  Rendered /home/silo/.rvm/gems/ruby-2.2.1/gems/web-console-2.1.2/lib/web_console/templates/console.js.erb within layouts/javascript (12.8ms)
  Rendered /home/silo/.rvm/gems/ruby-2.2.1/gems/web-console-2.1.2/lib/web_console/templates/main.js.erb within layouts/javascript (0.2ms)
  Rendered /home/silo/.rvm/gems/ruby-2.2.1/gems/web-console-2.1.2/lib/web_console/templates/error_page.js.erb within layouts/javascript (0.3ms)
  Rendered /home/silo/.rvm/gems/ruby-2.2.1/gems/web-console-2.1.2/lib/web_console/templates/index.html.erb (25.1ms)


Started GET "/" for ::1 at 2015-04-09 10:45:12 -0300
Processing by HomeController#index as HTML
  [1m[36mUser Load (0.2ms)[0m  [1mSELECT  "users".* FROM "users" WHERE "users"."id" = ?  ORDER BY "users"."id" ASC LIMIT 1[0m  [["id", 1]]
  [1m[35mPost Load (0.1ms)[0m  SELECT "posts".* FROM "posts" WHERE "posts"."user_id" = ?  [["user_id", 1]]
  Rendered home/index.html.erb within layouts/application (24.9ms)
Completed 500 Internal Server Error in 32ms (ActiveRecord: 0.3ms)

ActionView::Template::Error (undefined method `posts_path' for #<#<Class:0x007f32e1862340>:0x007f32e13ad1b0>):
    1: <h1>Home</h1>
    2: <% if user_signed_in? %>
    3: 
    4:  <%= form_for @post do |p| %>
    5:  <%= p.label :title %>
    6:  <hr>
    7:  <%= p.text_field :title %>
  app/views/home/index.html.erb:4:in `_app_views_home_index_html_erb__2782239864428392103_69928251670440'


  Rendered /home/silo/.rvm/gems/ruby-2.2.1/gems/actionpack-4.2.1/lib/action_dispatch/middleware/templates/rescues/_source.erb (7.1ms)
  Rendered /home/silo/.rvm/gems/ruby-2.2.1/gems/actionpack-4.2.1/lib/action_dispatch/middleware/templates/rescues/_trace.html.erb (2.7ms)
  Rendered /home/silo/.rvm/gems/ruby-2.2.1/gems/actionpack-4.2.1/lib/action_dispatch/middleware/templates/rescues/_request_and_response.html.erb (0.8ms)
  Rendered /home/silo/.rvm/gems/ruby-2.2.1/gems/actionpack-4.2.1/lib/action_dispatch/middleware/templates/rescues/template_error.html.erb within rescues/layout (21.5ms)
  Rendered /home/silo/.rvm/gems/ruby-2.2.1/gems/web-console-2.1.2/lib/web_console/templates/_markup.html.erb (0.2ms)
  Rendered /home/silo/.rvm/gems/ruby-2.2.1/gems/web-console-2.1.2/lib/web_console/templates/style.css.erb within layouts/inlined_string (0.2ms)
  Rendered /home/silo/.rvm/gems/ruby-2.2.1/gems/web-console-2.1.2/lib/web_console/templates/_inner_console_markup.html.erb within layouts/inlined_string (0.2ms)
  Rendered /home/silo/.rvm/gems/ruby-2.2.1/gems/web-console-2.1.2/lib/web_console/templates/_prompt_box_markup.html.erb within layouts/inlined_string (0.4ms)
  Rendered /home/silo/.rvm/gems/ruby-2.2.1/gems/web-console-2.1.2/lib/web_console/templates/console.js.erb within layouts/javascript (13.2ms)
  Rendered /home/silo/.rvm/gems/ruby-2.2.1/gems/web-console-2.1.2/lib/web_console/templates/main.js.erb within layouts/javascript (0.2ms)
  Rendered /home/silo/.rvm/gems/ruby-2.2.1/gems/web-console-2.1.2/lib/web_console/templates/error_page.js.erb within layouts/javascript (0.3ms)
  Rendered /home/silo/.rvm/gems/ruby-2.2.1/gems/web-console-2.1.2/lib/web_console/templates/index.html.erb (25.7ms)


Started GET "/" for ::1 at 2015-04-09 10:45:14 -0300
Processing by HomeController#index as HTML
  [1m[36mUser Load (0.2ms)[0m  [1mSELECT  "users".* FROM "users" WHERE "users"."id" = ?  ORDER BY "users"."id" ASC LIMIT 1[0m  [["id", 1]]
  [1m[35mPost Load (0.1ms)[0m  SELECT "posts".* FROM "posts" WHERE "posts"."user_id" = ?  [["user_id", 1]]
  Rendered home/index.html.erb within layouts/application (25.0ms)
Completed 500 Internal Server Error in 32ms (ActiveRecord: 0.4ms)

ActionView::Template::Error (undefined method `posts_path' for #<#<Class:0x007f32e1862340>:0x00000004ad6610>):
    1: <h1>Home</h1>
    2: <% if user_signed_in? %>
    3: 
    4:  <%= form_for @post do |p| %>
    5:  <%= p.label :title %>
    6:  <hr>
    7:  <%= p.text_field :title %>
  app/views/home/index.html.erb:4:in `_app_views_home_index_html_erb__2782239864428392103_69928251670440'


  Rendered /home/silo/.rvm/gems/ruby-2.2.1/gems/actionpack-4.2.1/lib/action_dispatch/middleware/templates/rescues/_source.erb (6.7ms)
  Rendered /home/silo/.rvm/gems/ruby-2.2.1/gems/actionpack-4.2.1/lib/action_dispatch/middleware/templates/rescues/_trace.html.erb (2.6ms)
  Rendered /home/silo/.rvm/gems/ruby-2.2.1/gems/actionpack-4.2.1/lib/action_dispatch/middleware/templates/rescues/_request_and_response.html.erb (0.7ms)
  Rendered /home/silo/.rvm/gems/ruby-2.2.1/gems/actionpack-4.2.1/lib/action_dispatch/middleware/templates/rescues/template_error.html.erb within rescues/layout (20.6ms)
  Rendered /home/silo/.rvm/gems/ruby-2.2.1/gems/web-console-2.1.2/lib/web_console/templates/_markup.html.erb (0.3ms)
  Rendered /home/silo/.rvm/gems/ruby-2.2.1/gems/web-console-2.1.2/lib/web_console/templates/style.css.erb within layouts/inlined_string (0.2ms)
  Rendered /home/silo/.rvm/gems/ruby-2.2.1/gems/web-console-2.1.2/lib/web_console/templates/_inner_console_markup.html.erb within layouts/inlined_string (0.2ms)
  Rendered /home/silo/.rvm/gems/ruby-2.2.1/gems/web-console-2.1.2/lib/web_console/templates/_prompt_box_markup.html.erb within layouts/inlined_string (0.4ms)
  Rendered /home/silo/.rvm/gems/ruby-2.2.1/gems/web-console-2.1.2/lib/web_console/templates/console.js.erb within layouts/javascript (13.2ms)
  Rendered /home/silo/.rvm/gems/ruby-2.2.1/gems/web-console-2.1.2/lib/web_console/templates/main.js.erb within layouts/javascript (0.3ms)
  Rendered /home/silo/.rvm/gems/ruby-2.2.1/gems/web-console-2.1.2/lib/web_console/templates/error_page.js.erb within layouts/javascript (0.3ms)
  Rendered /home/silo/.rvm/gems/ruby-2.2.1/gems/web-console-2.1.2/lib/web_console/templates/index.html.erb (25.7ms)


Started GET "/" for ::1 at 2015-04-09 10:47:41 -0300
Processing by HomeController#index as HTML
  [1m[36mUser Load (0.2ms)[0m  [1mSELECT  "users".* FROM "users" WHERE "users"."id" = ?  ORDER BY "users"."id" ASC LIMIT 1[0m  [["id", 1]]
  [1m[35mPost Load (0.2ms)[0m  SELECT "posts".* FROM "posts" WHERE "posts"."user_id" = ?  [["user_id", 1]]
  Rendered home/index.html.erb within layouts/application (15.1ms)
Completed 500 Internal Server Error in 39ms (ActiveRecord: 1.3ms)

ActionView::Template::Error (undefined method `posts_path' for #<#<Class:0x007f32e0d49990>:0x007f32e0d48e78>):
    1: <h1>Home</h1>
    2: <% if user_signed_in? %>
    3: 
    4:  <%= form_for @post do |p| %>
    5:  <%= p.label :title %>
    6:  <hr>
    7:  <%= p.text_field :title %>
  app/views/home/index.html.erb:4:in `_app_views_home_index_html_erb__2782239864428392103_69928251670440'


  Rendered /home/silo/.rvm/gems/ruby-2.2.1/gems/actionpack-4.2.1/lib/action_dispatch/middleware/templates/rescues/_source.erb (7.1ms)
  Rendered /home/silo/.rvm/gems/ruby-2.2.1/gems/actionpack-4.2.1/lib/action_dispatch/middleware/templates/rescues/_trace.html.erb (3.0ms)
  Rendered /home/silo/.rvm/gems/ruby-2.2.1/gems/actionpack-4.2.1/lib/action_dispatch/middleware/templates/rescues/_request_and_response.html.erb (0.8ms)
  Rendered /home/silo/.rvm/gems/ruby-2.2.1/gems/actionpack-4.2.1/lib/action_dispatch/middleware/templates/rescues/template_error.html.erb within rescues/layout (22.0ms)
  Rendered /home/silo/.rvm/gems/ruby-2.2.1/gems/web-console-2.1.2/lib/web_console/templates/_markup.html.erb (0.3ms)
  Rendered /home/silo/.rvm/gems/ruby-2.2.1/gems/web-console-2.1.2/lib/web_console/templates/style.css.erb within layouts/inlined_string (0.2ms)
  Rendered /home/silo/.rvm/gems/ruby-2.2.1/gems/web-console-2.1.2/lib/web_console/templates/_inner_console_markup.html.erb within layouts/inlined_string (0.3ms)
  Rendered /home/silo/.rvm/gems/ruby-2.2.1/gems/web-console-2.1.2/lib/web_console/templates/_prompt_box_markup.html.erb within layouts/inlined_string (0.4ms)
  Rendered /home/silo/.rvm/gems/ruby-2.2.1/gems/web-console-2.1.2/lib/web_console/templates/console.js.erb within layouts/javascript (13.4ms)
  Rendered /home/silo/.rvm/gems/ruby-2.2.1/gems/web-console-2.1.2/lib/web_console/templates/main.js.erb within layouts/javascript (0.2ms)
  Rendered /home/silo/.rvm/gems/ruby-2.2.1/gems/web-console-2.1.2/lib/web_console/templates/error_page.js.erb within layouts/javascript (0.3ms)
  Rendered /home/silo/.rvm/gems/ruby-2.2.1/gems/web-console-2.1.2/lib/web_console/templates/index.html.erb (25.8ms)


Started GET "/" for ::1 at 2015-04-09 10:47:43 -0300
Processing by HomeController#index as HTML
  [1m[36mUser Load (0.2ms)[0m  [1mSELECT  "users".* FROM "users" WHERE "users"."id" = ?  ORDER BY "users"."id" ASC LIMIT 1[0m  [["id", 1]]
  [1m[35mPost Load (0.1ms)[0m  SELECT "posts".* FROM "posts" WHERE "posts"."user_id" = ?  [["user_id", 1]]
  Rendered home/index.html.erb within layouts/application (22.4ms)
Completed 500 Internal Server Error in 29ms (ActiveRecord: 0.3ms)

ActionView::Template::Error (undefined method `posts_path' for #<#<Class:0x007f32e0d49990>:0x007f32e0971598>):
    1: <h1>Home</h1>
    2: <% if user_signed_in? %>
    3: 
    4:  <%= form_for @post do |p| %>
    5:  <%= p.label :title %>
    6:  <hr>
    7:  <%= p.text_field :title %>
  app/views/home/index.html.erb:4:in `_app_views_home_index_html_erb__2782239864428392103_69928251670440'


  Rendered /home/silo/.rvm/gems/ruby-2.2.1/gems/actionpack-4.2.1/lib/action_dispatch/middleware/templates/rescues/_source.erb (6.4ms)
  Rendered /home/silo/.rvm/gems/ruby-2.2.1/gems/actionpack-4.2.1/lib/action_dispatch/middleware/templates/rescues/_trace.html.erb (2.9ms)
  Rendered /home/silo/.rvm/gems/ruby-2.2.1/gems/actionpack-4.2.1/lib/action_dispatch/middleware/templates/rescues/_request_and_response.html.erb (0.8ms)
  Rendered /home/silo/.rvm/gems/ruby-2.2.1/gems/actionpack-4.2.1/lib/action_dispatch/middleware/templates/rescues/template_error.html.erb within rescues/layout (21.0ms)
  Rendered /home/silo/.rvm/gems/ruby-2.2.1/gems/web-console-2.1.2/lib/web_console/templates/_markup.html.erb (0.3ms)
  Rendered /home/silo/.rvm/gems/ruby-2.2.1/gems/web-console-2.1.2/lib/web_console/templates/style.css.erb within layouts/inlined_string (0.2ms)
  Rendered /home/silo/.rvm/gems/ruby-2.2.1/gems/web-console-2.1.2/lib/web_console/templates/_inner_console_markup.html.erb within layouts/inlined_string (0.3ms)
  Rendered /home/silo/.rvm/gems/ruby-2.2.1/gems/web-console-2.1.2/lib/web_console/templates/_prompt_box_markup.html.erb within layouts/inlined_string (0.4ms)
  Rendered /home/silo/.rvm/gems/ruby-2.2.1/gems/web-console-2.1.2/lib/web_console/templates/console.js.erb within layouts/javascript (13.4ms)
  Rendered /home/silo/.rvm/gems/ruby-2.2.1/gems/web-console-2.1.2/lib/web_console/templates/main.js.erb within layouts/javascript (0.2ms)
  Rendered /home/silo/.rvm/gems/ruby-2.2.1/gems/web-console-2.1.2/lib/web_console/templates/error_page.js.erb within layouts/javascript (0.3ms)
  Rendered /home/silo/.rvm/gems/ruby-2.2.1/gems/web-console-2.1.2/lib/web_console/templates/index.html.erb (25.5ms)


Started GET "/" for ::1 at 2015-04-09 10:47:44 -0300
Processing by HomeController#index as HTML
  [1m[36mUser Load (0.2ms)[0m  [1mSELECT  "users".* FROM "users" WHERE "users"."id" = ?  ORDER BY "users"."id" ASC LIMIT 1[0m  [["id", 1]]
  [1m[35mPost Load (0.1ms)[0m  SELECT "posts".* FROM "posts" WHERE "posts"."user_id" = ?  [["user_id", 1]]
  Rendered home/index.html.erb within layouts/application (20.2ms)
Completed 500 Internal Server Error in 26ms (ActiveRecord: 0.3ms)

ActionView::Template::Error (undefined method `posts_path' for #<#<Class:0x007f32e0d49990>:0x007f32e1860158>):
    1: <h1>Home</h1>
    2: <% if user_signed_in? %>
    3: 
    4:  <%= form_for @post do |p| %>
    5:  <%= p.label :title %>
    6:  <hr>
    7:  <%= p.text_field :title %>
  app/views/home/index.html.erb:4:in `_app_views_home_index_html_erb__2782239864428392103_69928251670440'


  Rendered /home/silo/.rvm/gems/ruby-2.2.1/gems/actionpack-4.2.1/lib/action_dispatch/middleware/templates/rescues/_source.erb (7.0ms)
  Rendered /home/silo/.rvm/gems/ruby-2.2.1/gems/actionpack-4.2.1/lib/action_dispatch/middleware/templates/rescues/_trace.html.erb (2.6ms)
  Rendered /home/silo/.rvm/gems/ruby-2.2.1/gems/actionpack-4.2.1/lib/action_dispatch/middleware/templates/rescues/_request_and_response.html.erb (0.8ms)
  Rendered /home/silo/.rvm/gems/ruby-2.2.1/gems/actionpack-4.2.1/lib/action_dispatch/middleware/templates/rescues/template_error.html.erb within rescues/layout (21.2ms)
  Rendered /home/silo/.rvm/gems/ruby-2.2.1/gems/web-console-2.1.2/lib/web_console/templates/_markup.html.erb (0.2ms)
  Rendered /home/silo/.rvm/gems/ruby-2.2.1/gems/web-console-2.1.2/lib/web_console/templates/style.css.erb within layouts/inlined_string (0.2ms)
  Rendered /home/silo/.rvm/gems/ruby-2.2.1/gems/web-console-2.1.2/lib/web_console/templates/_inner_console_markup.html.erb within layouts/inlined_string (0.4ms)
  Rendered /home/silo/.rvm/gems/ruby-2.2.1/gems/web-console-2.1.2/lib/web_console/templates/_prompt_box_markup.html.erb within layouts/inlined_string (0.3ms)
  Rendered /home/silo/.rvm/gems/ruby-2.2.1/gems/web-console-2.1.2/lib/web_console/templates/console.js.erb within layouts/javascript (13.5ms)
  Rendered /home/silo/.rvm/gems/ruby-2.2.1/gems/web-console-2.1.2/lib/web_console/templates/main.js.erb within layouts/javascript (0.2ms)
  Rendered /home/silo/.rvm/gems/ruby-2.2.1/gems/web-console-2.1.2/lib/web_console/templates/error_page.js.erb within layouts/javascript (0.3ms)
  Rendered /home/silo/.rvm/gems/ruby-2.2.1/gems/web-console-2.1.2/lib/web_console/templates/index.html.erb (25.7ms)


Started GET "/" for ::1 at 2015-04-09 10:47:45 -0300
Processing by HomeController#index as HTML
  [1m[36mUser Load (0.2ms)[0m  [1mSELECT  "users".* FROM "users" WHERE "users"."id" = ?  ORDER BY "users"."id" ASC LIMIT 1[0m  [["id", 1]]
  [1m[35mPost Load (0.1ms)[0m  SELECT "posts".* FROM "posts" WHERE "posts"."user_id" = ?  [["user_id", 1]]
  Rendered home/index.html.erb within layouts/application (20.3ms)
Completed 500 Internal Server Error in 26ms (ActiveRecord: 0.3ms)

ActionView::Template::Error (undefined method `posts_path' for #<#<Class:0x007f32e0d49990>:0x00000001eca7d8>):
    1: <h1>Home</h1>
    2: <% if user_signed_in? %>
    3: 
    4:  <%= form_for @post do |p| %>
    5:  <%= p.label :title %>
    6:  <hr>
    7:  <%= p.text_field :title %>
  app/views/home/index.html.erb:4:in `_app_views_home_index_html_erb__2782239864428392103_69928251670440'


  Rendered /home/silo/.rvm/gems/ruby-2.2.1/gems/actionpack-4.2.1/lib/action_dispatch/middleware/templates/rescues/_source.erb (7.3ms)
  Rendered /home/silo/.rvm/gems/ruby-2.2.1/gems/actionpack-4.2.1/lib/action_dispatch/middleware/templates/rescues/_trace.html.erb (2.6ms)
  Rendered /home/silo/.rvm/gems/ruby-2.2.1/gems/actionpack-4.2.1/lib/action_dispatch/middleware/templates/rescues/_request_and_response.html.erb (0.8ms)
  Rendered /home/silo/.rvm/gems/ruby-2.2.1/gems/actionpack-4.2.1/lib/action_dispatch/middleware/templates/rescues/template_error.html.erb within rescues/layout (21.2ms)
  Rendered /home/silo/.rvm/gems/ruby-2.2.1/gems/web-console-2.1.2/lib/web_console/templates/_markup.html.erb (0.3ms)
  Rendered /home/silo/.rvm/gems/ruby-2.2.1/gems/web-console-2.1.2/lib/web_console/templates/style.css.erb within layouts/inlined_string (0.3ms)
  Rendered /home/silo/.rvm/gems/ruby-2.2.1/gems/web-console-2.1.2/lib/web_console/templates/_inner_console_markup.html.erb within layouts/inlined_string (0.4ms)
  Rendered /home/silo/.rvm/gems/ruby-2.2.1/gems/web-console-2.1.2/lib/web_console/templates/_prompt_box_markup.html.erb within layouts/inlined_string (0.3ms)
  Rendered /home/silo/.rvm/gems/ruby-2.2.1/gems/web-console-2.1.2/lib/web_console/templates/console.js.erb within layouts/javascript (13.9ms)
  Rendered /home/silo/.rvm/gems/ruby-2.2.1/gems/web-console-2.1.2/lib/web_console/templates/main.js.erb within layouts/javascript (0.3ms)
  Rendered /home/silo/.rvm/gems/ruby-2.2.1/gems/web-console-2.1.2/lib/web_console/templates/error_page.js.erb within layouts/javascript (0.3ms)
  Rendered /home/silo/.rvm/gems/ruby-2.2.1/gems/web-console-2.1.2/lib/web_console/templates/index.html.erb (26.2ms)


Started GET "/" for ::1 at 2015-04-09 10:47:58 -0300
  [1m[36mActiveRecord::SchemaMigration Load (0.1ms)[0m  [1mSELECT "schema_migrations".* FROM "schema_migrations"[0m
Processing by HomeController#index as HTML
  [1m[35mUser Load (0.2ms)[0m  SELECT  "users".* FROM "users" WHERE "users"."id" = ?  ORDER BY "users"."id" ASC LIMIT 1  [["id", 1]]
  [1m[36mPost Load (0.2ms)[0m  [1mSELECT "posts".* FROM "posts" WHERE "posts"."user_id" = ?[0m  [["user_id", 1]]
  Rendered home/index.html.erb within layouts/application (13.7ms)
Completed 500 Internal Server Error in 61ms (ActiveRecord: 0.9ms)

ActionView::Template::Error (undefined method `posts_path' for #<#<Class:0x000000042da308>:0x000000042d8e40>):
    1: <h1>Home</h1>
    2: <% if user_signed_in? %>
    3: 
    4:  <%= form_for @post do |p| %>
    5:  <%= p.label :title %>
    6:  <hr>
    7:  <%= p.text_field :title %>
  app/views/home/index.html.erb:4:in `_app_views_home_index_html_erb__3349938307596635577_34871040'


  Rendered /home/silo/.rvm/gems/ruby-2.2.1/gems/actionpack-4.2.1/lib/action_dispatch/middleware/templates/rescues/_source.erb (6.7ms)
  Rendered /home/silo/.rvm/gems/ruby-2.2.1/gems/actionpack-4.2.1/lib/action_dispatch/middleware/templates/rescues/_trace.html.erb (2.6ms)
  Rendered /home/silo/.rvm/gems/ruby-2.2.1/gems/actionpack-4.2.1/lib/action_dispatch/middleware/templates/rescues/_request_and_response.html.erb (0.8ms)
  Rendered /home/silo/.rvm/gems/ruby-2.2.1/gems/actionpack-4.2.1/lib/action_dispatch/middleware/templates/rescues/template_error.html.erb within rescues/layout (21.1ms)
  Rendered /home/silo/.rvm/gems/ruby-2.2.1/gems/web-console-2.1.2/lib/web_console/templates/_markup.html.erb (0.3ms)
  Rendered /home/silo/.rvm/gems/ruby-2.2.1/gems/web-console-2.1.2/lib/web_console/templates/style.css.erb within layouts/inlined_string (0.4ms)
  Rendered /home/silo/.rvm/gems/ruby-2.2.1/gems/web-console-2.1.2/lib/web_console/templates/_inner_console_markup.html.erb within layouts/inlined_string (0.3ms)
  Rendered /home/silo/.rvm/gems/ruby-2.2.1/gems/web-console-2.1.2/lib/web_console/templates/_prompt_box_markup.html.erb within layouts/inlined_string (0.2ms)
  Rendered /home/silo/.rvm/gems/ruby-2.2.1/gems/web-console-2.1.2/lib/web_console/templates/console.js.erb within layouts/javascript (12.8ms)
  Rendered /home/silo/.rvm/gems/ruby-2.2.1/gems/web-console-2.1.2/lib/web_console/templates/main.js.erb within layouts/javascript (0.2ms)
  Rendered /home/silo/.rvm/gems/ruby-2.2.1/gems/web-console-2.1.2/lib/web_console/templates/error_page.js.erb within layouts/javascript (0.4ms)
  Rendered /home/silo/.rvm/gems/ruby-2.2.1/gems/web-console-2.1.2/lib/web_console/templates/index.html.erb (30.6ms)


Started GET "/users/sign_up" for ::1 at 2015-04-09 10:48:00 -0300
Processing by Devise::RegistrationsController#new as HTML
  [1m[35mUser Load (0.1ms)[0m  SELECT  "users".* FROM "users" WHERE "users"."id" = ?  ORDER BY "users"."id" ASC LIMIT 1  [["id", 1]]
Redirected to http://localhost:3000/
Filter chain halted as :require_no_authentication rendered or redirected
Completed 302 Found in 13ms (ActiveRecord: 0.1ms)


Started GET "/" for ::1 at 2015-04-09 10:48:00 -0300
Processing by HomeController#index as HTML
  [1m[36mUser Load (0.1ms)[0m  [1mSELECT  "users".* FROM "users" WHERE "users"."id" = ?  ORDER BY "users"."id" ASC LIMIT 1[0m  [["id", 1]]
  [1m[35mPost Load (0.1ms)[0m  SELECT "posts".* FROM "posts" WHERE "posts"."user_id" = ?  [["user_id", 1]]
  Rendered home/index.html.erb within layouts/application (13.6ms)
Completed 500 Internal Server Error in 17ms (ActiveRecord: 0.2ms)

ActionView::Template::Error (undefined method `posts_path' for #<#<Class:0x000000042da308>:0x000000048dafa0>):
    1: <h1>Home</h1>
    2: <% if user_signed_in? %>
    3: 
    4:  <%= form_for @post do |p| %>
    5:  <%= p.label :title %>
    6:  <hr>
    7:  <%= p.text_field :title %>
  app/views/home/index.html.erb:4:in `_app_views_home_index_html_erb__3349938307596635577_34871040'


  Rendered /home/silo/.rvm/gems/ruby-2.2.1/gems/actionpack-4.2.1/lib/action_dispatch/middleware/templates/rescues/_source.erb (6.9ms)
  Rendered /home/silo/.rvm/gems/ruby-2.2.1/gems/actionpack-4.2.1/lib/action_dispatch/middleware/templates/rescues/_trace.html.erb (2.6ms)
  Rendered /home/silo/.rvm/gems/ruby-2.2.1/gems/actionpack-4.2.1/lib/action_dispatch/middleware/templates/rescues/_request_and_response.html.erb (0.9ms)
  Rendered /home/silo/.rvm/gems/ruby-2.2.1/gems/actionpack-4.2.1/lib/action_dispatch/middleware/templates/rescues/template_error.html.erb within rescues/layout (21.6ms)
  Rendered /home/silo/.rvm/gems/ruby-2.2.1/gems/web-console-2.1.2/lib/web_console/templates/_markup.html.erb (0.3ms)
  Rendered /home/silo/.rvm/gems/ruby-2.2.1/gems/web-console-2.1.2/lib/web_console/templates/style.css.erb within layouts/inlined_string (0.3ms)
  Rendered /home/silo/.rvm/gems/ruby-2.2.1/gems/web-console-2.1.2/lib/web_console/templates/_inner_console_markup.html.erb within layouts/inlined_string (0.3ms)
  Rendered /home/silo/.rvm/gems/ruby-2.2.1/gems/web-console-2.1.2/lib/web_console/templates/_prompt_box_markup.html.erb within layouts/inlined_string (0.3ms)
  Rendered /home/silo/.rvm/gems/ruby-2.2.1/gems/web-console-2.1.2/lib/web_console/templates/console.js.erb within layouts/javascript (13.8ms)
  Rendered /home/silo/.rvm/gems/ruby-2.2.1/gems/web-console-2.1.2/lib/web_console/templates/main.js.erb within layouts/javascript (0.2ms)
  Rendered /home/silo/.rvm/gems/ruby-2.2.1/gems/web-console-2.1.2/lib/web_console/templates/error_page.js.erb within layouts/javascript (0.3ms)
  Rendered /home/silo/.rvm/gems/ruby-2.2.1/gems/web-console-2.1.2/lib/web_console/templates/index.html.erb (26.6ms)


Started GET "/users/sign_in" for ::1 at 2015-04-09 10:48:05 -0300
Processing by Devise::SessionsController#new as HTML
  [1m[36mUser Load (0.2ms)[0m  [1mSELECT  "users".* FROM "users" WHERE "users"."id" = ?  ORDER BY "users"."id" ASC LIMIT 1[0m  [["id", 1]]
Redirected to http://localhost:3000/
Filter chain halted as :require_no_authentication rendered or redirected
Completed 302 Found in 3ms (ActiveRecord: 0.2ms)


Started GET "/" for ::1 at 2015-04-09 10:48:05 -0300
Processing by HomeController#index as HTML
  [1m[35mUser Load (0.1ms)[0m  SELECT  "users".* FROM "users" WHERE "users"."id" = ?  ORDER BY "users"."id" ASC LIMIT 1  [["id", 1]]
  [1m[36mPost Load (0.1ms)[0m  [1mSELECT "posts".* FROM "posts" WHERE "posts"."user_id" = ?[0m  [["user_id", 1]]
  Rendered home/index.html.erb within layouts/application (10.5ms)
Completed 500 Internal Server Error in 14ms (ActiveRecord: 0.1ms)

ActionView::Template::Error (undefined method `posts_path' for #<#<Class:0x000000042da308>:0x00000002f37eb8>):
    1: <h1>Home</h1>
    2: <% if user_signed_in? %>
    3: 
    4:  <%= form_for @post do |p| %>
    5:  <%= p.label :title %>
    6:  <hr>
    7:  <%= p.text_field :title %>
  app/views/home/index.html.erb:4:in `_app_views_home_index_html_erb__3349938307596635577_34871040'


  Rendered /home/silo/.rvm/gems/ruby-2.2.1/gems/actionpack-4.2.1/lib/action_dispatch/middleware/templates/rescues/_source.erb (10.0ms)
  Rendered /home/silo/.rvm/gems/ruby-2.2.1/gems/actionpack-4.2.1/lib/action_dispatch/middleware/templates/rescues/_trace.html.erb (2.6ms)
  Rendered /home/silo/.rvm/gems/ruby-2.2.1/gems/actionpack-4.2.1/lib/action_dispatch/middleware/templates/rescues/_request_and_response.html.erb (0.8ms)
  Rendered /home/silo/.rvm/gems/ruby-2.2.1/gems/actionpack-4.2.1/lib/action_dispatch/middleware/templates/rescues/template_error.html.erb within rescues/layout (24.4ms)
  Rendered /home/silo/.rvm/gems/ruby-2.2.1/gems/web-console-2.1.2/lib/web_console/templates/_markup.html.erb (0.2ms)
  Rendered /home/silo/.rvm/gems/ruby-2.2.1/gems/web-console-2.1.2/lib/web_console/templates/style.css.erb within layouts/inlined_string (0.2ms)
  Rendered /home/silo/.rvm/gems/ruby-2.2.1/gems/web-console-2.1.2/lib/web_console/templates/_inner_console_markup.html.erb within layouts/inlined_string (0.3ms)
  Rendered /home/silo/.rvm/gems/ruby-2.2.1/gems/web-console-2.1.2/lib/web_console/templates/_prompt_box_markup.html.erb within layouts/inlined_string (0.3ms)
  Rendered /home/silo/.rvm/gems/ruby-2.2.1/gems/web-console-2.1.2/lib/web_console/templates/console.js.erb within layouts/javascript (13.2ms)
  Rendered /home/silo/.rvm/gems/ruby-2.2.1/gems/web-console-2.1.2/lib/web_console/templates/main.js.erb within layouts/javascript (0.2ms)
  Rendered /home/silo/.rvm/gems/ruby-2.2.1/gems/web-console-2.1.2/lib/web_console/templates/error_page.js.erb within layouts/javascript (0.3ms)
  Rendered /home/silo/.rvm/gems/ruby-2.2.1/gems/web-console-2.1.2/lib/web_console/templates/index.html.erb (25.1ms)


Started GET "/" for ::1 at 2015-04-09 11:11:51 -0300
Processing by HomeController#index as HTML
  [1m[35mUser Load (0.2ms)[0m  SELECT  "users".* FROM "users" WHERE "users"."id" = ?  ORDER BY "users"."id" ASC LIMIT 1  [["id", 1]]
Completed 500 Internal Server Error in 16ms (ActiveRecord: 0.8ms)

NoMethodError (undefined method `before_asset_post_process' for #<Class:0x000000043059e0>):
  app/models/post.rb:4:in `<class:Post>'
  app/models/post.rb:1:in `<top (required)>'
  app/controllers/home_controller.rb:4:in `index'


  Rendered /home/silo/.rvm/gems/ruby-2.2.1/gems/actionpack-4.2.1/lib/action_dispatch/middleware/templates/rescues/_source.erb (11.5ms)
  Rendered /home/silo/.rvm/gems/ruby-2.2.1/gems/actionpack-4.2.1/lib/action_dispatch/middleware/templates/rescues/_trace.html.erb (4.9ms)
  Rendered /home/silo/.rvm/gems/ruby-2.2.1/gems/actionpack-4.2.1/lib/action_dispatch/middleware/templates/rescues/_request_and_response.html.erb (1.4ms)
  Rendered /home/silo/.rvm/gems/ruby-2.2.1/gems/actionpack-4.2.1/lib/action_dispatch/middleware/templates/rescues/diagnostics.html.erb within rescues/layout (30.3ms)
  Rendered /home/silo/.rvm/gems/ruby-2.2.1/gems/web-console-2.1.2/lib/web_console/templates/_markup.html.erb (0.4ms)
  Rendered /home/silo/.rvm/gems/ruby-2.2.1/gems/web-console-2.1.2/lib/web_console/templates/style.css.erb within layouts/inlined_string (0.2ms)
  Rendered /home/silo/.rvm/gems/ruby-2.2.1/gems/web-console-2.1.2/lib/web_console/templates/_inner_console_markup.html.erb within layouts/inlined_string (0.2ms)
  Rendered /home/silo/.rvm/gems/ruby-2.2.1/gems/web-console-2.1.2/lib/web_console/templates/_prompt_box_markup.html.erb within layouts/inlined_string (0.2ms)
  Rendered /home/silo/.rvm/gems/ruby-2.2.1/gems/web-console-2.1.2/lib/web_console/templates/console.js.erb within layouts/javascript (12.2ms)
  Rendered /home/silo/.rvm/gems/ruby-2.2.1/gems/web-console-2.1.2/lib/web_console/templates/main.js.erb within layouts/javascript (0.2ms)
  Rendered /home/silo/.rvm/gems/ruby-2.2.1/gems/web-console-2.1.2/lib/web_console/templates/error_page.js.erb within layouts/javascript (0.4ms)
  Rendered /home/silo/.rvm/gems/ruby-2.2.1/gems/web-console-2.1.2/lib/web_console/templates/index.html.erb (26.2ms)


Started GET "/" for ::1 at 2015-04-09 11:12:51 -0300
Processing by HomeController#index as HTML
  [1m[36mUser Load (0.2ms)[0m  [1mSELECT  "users".* FROM "users" WHERE "users"."id" = ?  ORDER BY "users"."id" ASC LIMIT 1[0m  [["id", 1]]
  [1m[35mPost Load (0.2ms)[0m  SELECT "posts".* FROM "posts" WHERE "posts"."user_id" = ?  [["user_id", 1]]
  Rendered home/index.html.erb within layouts/application (12.2ms)
Completed 500 Internal Server Error in 36ms (ActiveRecord: 1.2ms)

ActionView::Template::Error (undefined method `posts_path' for #<#<Class:0x0000000451f5f0>:0x0000000451e0b0>):
    1: <h1>Home</h1>
    2: <% if user_signed_in? %>
    3: 
    4:  <%= form_for @post, html:{multipart: true} do |p| %>
    5:  <%= p.label :title %>
    6:  <hr>
    7:  <%= p.text_field :title %>
  app/views/home/index.html.erb:4:in `_app_views_home_index_html_erb__3349938307596635577_36233320'


  Rendered /home/silo/.rvm/gems/ruby-2.2.1/gems/actionpack-4.2.1/lib/action_dispatch/middleware/templates/rescues/_source.erb (7.3ms)
  Rendered /home/silo/.rvm/gems/ruby-2.2.1/gems/actionpack-4.2.1/lib/action_dispatch/middleware/templates/rescues/_trace.html.erb (2.6ms)
  Rendered /home/silo/.rvm/gems/ruby-2.2.1/gems/actionpack-4.2.1/lib/action_dispatch/middleware/templates/rescues/_request_and_response.html.erb (0.7ms)
  Rendered /home/silo/.rvm/gems/ruby-2.2.1/gems/actionpack-4.2.1/lib/action_dispatch/middleware/templates/rescues/template_error.html.erb within rescues/layout (21.3ms)
  Rendered /home/silo/.rvm/gems/ruby-2.2.1/gems/web-console-2.1.2/lib/web_console/templates/_markup.html.erb (0.2ms)
  Rendered /home/silo/.rvm/gems/ruby-2.2.1/gems/web-console-2.1.2/lib/web_console/templates/style.css.erb within layouts/inlined_string (0.2ms)
  Rendered /home/silo/.rvm/gems/ruby-2.2.1/gems/web-console-2.1.2/lib/web_console/templates/_inner_console_markup.html.erb within layouts/inlined_string (0.4ms)
  Rendered /home/silo/.rvm/gems/ruby-2.2.1/gems/web-console-2.1.2/lib/web_console/templates/_prompt_box_markup.html.erb within layouts/inlined_string (0.3ms)
  Rendered /home/silo/.rvm/gems/ruby-2.2.1/gems/web-console-2.1.2/lib/web_console/templates/console.js.erb within layouts/javascript (14.0ms)
  Rendered /home/silo/.rvm/gems/ruby-2.2.1/gems/web-console-2.1.2/lib/web_console/templates/main.js.erb within layouts/javascript (0.3ms)
  Rendered /home/silo/.rvm/gems/ruby-2.2.1/gems/web-console-2.1.2/lib/web_console/templates/error_page.js.erb within layouts/javascript (0.4ms)
  Rendered /home/silo/.rvm/gems/ruby-2.2.1/gems/web-console-2.1.2/lib/web_console/templates/index.html.erb (27.0ms)


Started GET "/" for ::1 at 2015-04-09 11:23:32 -0300
Processing by HomeController#index as HTML
  [1m[36mUser Load (0.2ms)[0m  [1mSELECT  "users".* FROM "users" WHERE "users"."id" = ?  ORDER BY "users"."id" ASC LIMIT 1[0m  [["id", 1]]
  Rendered home/index.html.erb within layouts/application (37.4ms)
Completed 200 OK in 128ms (Views: 105.8ms | ActiveRecord: 1.0ms)


Started GET "/" for ::1 at 2015-04-09 11:27:53 -0300
Processing by HomeController#index as HTML
  [1m[35mUser Load (0.1ms)[0m  SELECT  "users".* FROM "users" WHERE "users"."id" = ?  ORDER BY "users"."id" ASC LIMIT 1  [["id", 1]]
  Rendered home/index.html.erb within layouts/application (2.7ms)
Completed 200 OK in 44ms (Views: 41.2ms | ActiveRecord: 0.1ms)


Started POST "/posts" for ::1 at 2015-04-09 11:29:46 -0300

SyntaxError (/home/silo/InfoShare/app/controllers/posts_controller.rb:16: syntax error, unexpected end-of-input, expecting keyword_end):
  app/controllers/posts_controller.rb:16: syntax error, unexpected end-of-input, expecting keyword_end


  Rendered /home/silo/.rvm/gems/ruby-2.2.1/gems/actionpack-4.2.1/lib/action_dispatch/middleware/templates/rescues/_source.erb (3.8ms)
  Rendered /home/silo/.rvm/gems/ruby-2.2.1/gems/actionpack-4.2.1/lib/action_dispatch/middleware/templates/rescues/_trace.html.erb (3.1ms)
  Rendered /home/silo/.rvm/gems/ruby-2.2.1/gems/actionpack-4.2.1/lib/action_dispatch/middleware/templates/rescues/_request_and_response.html.erb (1.3ms)
  Rendered /home/silo/.rvm/gems/ruby-2.2.1/gems/actionpack-4.2.1/lib/action_dispatch/middleware/templates/rescues/diagnostics.html.erb within rescues/layout (19.8ms)
Cannot render console with content type multipart/form-dataAllowed content types: [#<Mime::Type:0x00000002b2de30 @synonyms=["application/xhtml+xml"], @symbol=:html, @string="text/html">, #<Mime::Type:0x00000002b2db10 @synonyms=[], @symbol=:text, @string="text/plain">, #<Mime::Type:0x00000002b1dc88 @synonyms=[], @symbol=:url_encoded_form, @string="application/x-www-form-urlencoded">]


Started POST "/posts" for ::1 at 2015-04-09 11:30:17 -0300
Processing by PostsController#create as HTML
  Parameters: {"utf8"=>"✓", "authenticity_token"=>"rUkbxUiK6B2FQxzXC2O/f6bwtW37Kwfv3mzjj+tKsPXKIr6Uk+UrqjDroVa/3VFmAjVpo+TMWG8Dg1StTb0/2w==", "post"=>{"title"=>"Prueba", "text"=>"prueba 1", "image"=>#<ActionDispatch::Http::UploadedFile:0x007fc5d634e5b0 @tempfile=#<Tempfile:/tmp/RackMultipart20150409-3601-to1z1b.png>, @original_filename="Captura de pantalla de 2015-04-01 08:34:50.png", @content_type="image/png", @headers="Content-Disposition: form-data; name=\"post[image]\"; filename=\"Captura de pantalla de 2015-04-01 08:34:50.png\"\r\nContent-Type: image/png\r\n">}, "commit"=>"Create Post"}
  [1m[36mUser Load (0.2ms)[0m  [1mSELECT  "users".* FROM "users" WHERE "users"."id" = ?  ORDER BY "users"."id" ASC LIMIT 1[0m  [["id", 1]]
Completed 500 Internal Server Error in 22ms (ActiveRecord: 1.0ms)

Paperclip::Errors::MissingRequiredValidatorError (Paperclip::Errors::MissingRequiredValidatorError):
  app/controllers/posts_controller.rb:6:in `create'


  Rendered /home/silo/.rvm/gems/ruby-2.2.1/gems/actionpack-4.2.1/lib/action_dispatch/middleware/templates/rescues/_source.erb (5.8ms)
  Rendered /home/silo/.rvm/gems/ruby-2.2.1/gems/actionpack-4.2.1/lib/action_dispatch/middleware/templates/rescues/_trace.html.erb (2.4ms)
  Rendered /home/silo/.rvm/gems/ruby-2.2.1/gems/actionpack-4.2.1/lib/action_dispatch/middleware/templates/rescues/_request_and_response.html.erb (1.1ms)
  Rendered /home/silo/.rvm/gems/ruby-2.2.1/gems/actionpack-4.2.1/lib/action_dispatch/middleware/templates/rescues/diagnostics.html.erb within rescues/layout (20.7ms)
Cannot render console with content type multipart/form-dataAllowed content types: [#<Mime::Type:0x00000002b2de30 @synonyms=["application/xhtml+xml"], @symbol=:html, @string="text/html">, #<Mime::Type:0x00000002b2db10 @synonyms=[], @symbol=:text, @string="text/plain">, #<Mime::Type:0x00000002b1dc88 @synonyms=[], @symbol=:url_encoded_form, @string="application/x-www-form-urlencoded">]


Started GET "/posts" for ::1 at 2015-04-09 11:34:20 -0300
Processing by PostsController#index as HTML
  Rendered posts/index.html.erb within layouts/application (0.3ms)
Completed 200 OK in 40ms (Views: 39.0ms | ActiveRecord: 0.0ms)


Started GET "/" for ::1 at 2015-04-09 11:34:27 -0300
Processing by HomeController#index as HTML
  [1m[35mUser Load (0.2ms)[0m  SELECT  "users".* FROM "users" WHERE "users"."id" = ?  ORDER BY "users"."id" ASC LIMIT 1  [["id", 1]]
  Rendered home/index.html.erb within layouts/application (3.2ms)
Completed 200 OK in 75ms (Views: 42.4ms | ActiveRecord: 1.4ms)


Started POST "/posts" for ::1 at 2015-04-09 11:34:44 -0300
Processing by PostsController#create as HTML
  Parameters: {"utf8"=>"✓", "authenticity_token"=>"PI/ORhbnuaUS7zTSbpmEllL2nZlT9gLpoGVwC0JTtalb5GsXzYh6EqdHiVPaJ2qP9jNBV0wRXWl9iscp5KQ6hw==", "post"=>{"title"=>"Maravilla", "text"=>"maravillosa foto", "image"=>#<ActionDispatch::Http::UploadedFile:0x007fc5d5a19eb8 @tempfile=#<Tempfile:/tmp/RackMultipart20150409-3601-igt2k3.png>, @original_filename="Captura de pantalla de 2015-04-07 06:39:29.png", @content_type="image/png", @headers="Content-Disposition: form-data; name=\"post[image]\"; filename=\"Captura de pantalla de 2015-04-07 06:39:29.png\"\r\nContent-Type: image/png\r\n">}, "commit"=>"Create Post"}
  [1m[36mUser Load (0.1ms)[0m  [1mSELECT  "users".* FROM "users" WHERE "users"."id" = ?  ORDER BY "users"."id" ASC LIMIT 1[0m  [["id", 1]]
Command :: file -b --mime '/tmp/19524b4e0557a91d7afcee54706915c720150409-3601-1illzo.png'
  [1m[35m (0.1ms)[0m  begin transaction
Command :: file -b --mime '/tmp/19524b4e0557a91d7afcee54706915c720150409-3601-nqwoli.png'
  [1m[36mSQL (0.2ms)[0m  [1mINSERT INTO "posts" ("title", "text", "image_file_name", "image_content_type", "image_file_size", "image_updated_at", "user_id", "created_at", "updated_at") VALUES (?, ?, ?, ?, ?, ?, ?, ?, ?)[0m  [["title", "Maravilla"], ["text", "maravillosa foto"], ["image_file_name", "Captura_de_pantalla_de_2015-04-07_06_39_29.png"], ["image_content_type", "image/png"], ["image_file_size", 358045], ["image_updated_at", "2015-04-09 14:34:44.313287"], ["user_id", 1], ["created_at", "2015-04-09 14:34:44.321182"], ["updated_at", "2015-04-09 14:34:44.321182"]]
  [1m[35m (264.2ms)[0m  commit transaction
Redirected to http://localhost:3000/
Completed 302 Found in 283ms (ActiveRecord: 264.6ms)


Started GET "/" for ::1 at 2015-04-09 11:34:44 -0300
Processing by HomeController#index as HTML
  [1m[36mUser Load (0.1ms)[0m  [1mSELECT  "users".* FROM "users" WHERE "users"."id" = ?  ORDER BY "users"."id" ASC LIMIT 1[0m  [["id", 1]]
  Rendered home/index.html.erb within layouts/application (1.6ms)
Completed 200 OK in 37ms (Views: 35.4ms | ActiveRecord: 0.1ms)


Started GET "/posts" for ::1 at 2015-04-09 11:43:22 -0300
Processing by PostsController#index as HTML
  Rendered posts/index.html.erb within layouts/application (1.9ms)
Completed 500 Internal Server Error in 4ms (ActiveRecord: 0.0ms)

ActionView::Template::Error (undefined method `each' for nil:NilClass):
    1: <h1>Posts#index</h1>
    2: <h2>Photos</h2> 
    3: <% for post in @posts %> 
    4: <div> <%= post.title %>
    5: 	  <%= post.text %> </div>
    6: <div> <%= image_tag post.image.url %> 
  app/views/posts/index.html.erb:3:in `_app_views_posts_index_html_erb__1731122643744464673_70243839680120'


  Rendered /home/silo/.rvm/gems/ruby-2.2.1/gems/actionpack-4.2.1/lib/action_dispatch/middleware/templates/rescues/_source.erb (8.1ms)
  Rendered /home/silo/.rvm/gems/ruby-2.2.1/gems/actionpack-4.2.1/lib/action_dispatch/middleware/templates/rescues/_trace.html.erb (3.0ms)
  Rendered /home/silo/.rvm/gems/ruby-2.2.1/gems/actionpack-4.2.1/lib/action_dispatch/middleware/templates/rescues/_request_and_response.html.erb (0.8ms)
  Rendered /home/silo/.rvm/gems/ruby-2.2.1/gems/actionpack-4.2.1/lib/action_dispatch/middleware/templates/rescues/template_error.html.erb within rescues/layout (22.9ms)
  Rendered /home/silo/.rvm/gems/ruby-2.2.1/gems/web-console-2.1.2/lib/web_console/templates/_markup.html.erb (0.2ms)
  Rendered /home/silo/.rvm/gems/ruby-2.2.1/gems/web-console-2.1.2/lib/web_console/templates/style.css.erb within layouts/inlined_string (0.2ms)
  Rendered /home/silo/.rvm/gems/ruby-2.2.1/gems/web-console-2.1.2/lib/web_console/templates/_inner_console_markup.html.erb within layouts/inlined_string (0.4ms)
  Rendered /home/silo/.rvm/gems/ruby-2.2.1/gems/web-console-2.1.2/lib/web_console/templates/_prompt_box_markup.html.erb within layouts/inlined_string (0.3ms)
  Rendered /home/silo/.rvm/gems/ruby-2.2.1/gems/web-console-2.1.2/lib/web_console/templates/console.js.erb within layouts/javascript (14.0ms)
  Rendered /home/silo/.rvm/gems/ruby-2.2.1/gems/web-console-2.1.2/lib/web_console/templates/main.js.erb within layouts/javascript (0.3ms)
  Rendered /home/silo/.rvm/gems/ruby-2.2.1/gems/web-console-2.1.2/lib/web_console/templates/error_page.js.erb within layouts/javascript (0.3ms)
  Rendered /home/silo/.rvm/gems/ruby-2.2.1/gems/web-console-2.1.2/lib/web_console/templates/index.html.erb (26.9ms)


Started GET "/posts" for ::1 at 2015-04-09 11:44:14 -0300

SyntaxError (/home/silo/InfoShare/app/controllers/posts_controller.rb:19: syntax error, unexpected end-of-input, expecting keyword_end):
  app/controllers/posts_controller.rb:19: syntax error, unexpected end-of-input, expecting keyword_end


  Rendered /home/silo/.rvm/gems/ruby-2.2.1/gems/actionpack-4.2.1/lib/action_dispatch/middleware/templates/rescues/_source.erb (4.0ms)
  Rendered /home/silo/.rvm/gems/ruby-2.2.1/gems/actionpack-4.2.1/lib/action_dispatch/middleware/templates/rescues/_trace.html.erb (1.8ms)
  Rendered /home/silo/.rvm/gems/ruby-2.2.1/gems/actionpack-4.2.1/lib/action_dispatch/middleware/templates/rescues/_request_and_response.html.erb (0.9ms)
  Rendered /home/silo/.rvm/gems/ruby-2.2.1/gems/actionpack-4.2.1/lib/action_dispatch/middleware/templates/rescues/diagnostics.html.erb within rescues/layout (17.8ms)
  Rendered /home/silo/.rvm/gems/ruby-2.2.1/gems/web-console-2.1.2/lib/web_console/templates/_markup.html.erb (0.2ms)
  Rendered /home/silo/.rvm/gems/ruby-2.2.1/gems/web-console-2.1.2/lib/web_console/templates/style.css.erb within layouts/inlined_string (0.2ms)
  Rendered /home/silo/.rvm/gems/ruby-2.2.1/gems/web-console-2.1.2/lib/web_console/templates/_inner_console_markup.html.erb within layouts/inlined_string (0.4ms)
  Rendered /home/silo/.rvm/gems/ruby-2.2.1/gems/web-console-2.1.2/lib/web_console/templates/_prompt_box_markup.html.erb within layouts/inlined_string (0.3ms)
  Rendered /home/silo/.rvm/gems/ruby-2.2.1/gems/web-console-2.1.2/lib/web_console/templates/console.js.erb within layouts/javascript (15.0ms)
  Rendered /home/silo/.rvm/gems/ruby-2.2.1/gems/web-console-2.1.2/lib/web_console/templates/main.js.erb within layouts/javascript (0.2ms)
  Rendered /home/silo/.rvm/gems/ruby-2.2.1/gems/web-console-2.1.2/lib/web_console/templates/error_page.js.erb within layouts/javascript (0.3ms)
  Rendered /home/silo/.rvm/gems/ruby-2.2.1/gems/web-console-2.1.2/lib/web_console/templates/index.html.erb (27.5ms)


Started GET "/posts" for ::1 at 2015-04-09 11:44:51 -0300
Processing by PostsController#index as HTML
  [1m[35mPost Load (0.3ms)[0m  SELECT "posts".* FROM "posts"
  [1m[36mUser Load (0.3ms)[0m  [1mSELECT  "users".* FROM "users" WHERE "users"."id" = ? LIMIT 1[0m  [["id", 1]]
  Rendered posts/index.html.erb within layouts/application (15.2ms)
Completed 200 OK in 49ms (Views: 45.8ms | ActiveRecord: 1.1ms)


Started GET "/posts" for ::1 at 2015-04-09 11:55:17 -0300
Processing by PostsController#index as HTML
  [1m[35mPost Load (0.2ms)[0m  SELECT "posts".* FROM "posts"
  [1m[36mUser Load (0.1ms)[0m  [1mSELECT  "users".* FROM "users" WHERE "users"."id" = ? LIMIT 1[0m  [["id", 1]]
  Rendered posts/index.html.erb within layouts/application (4.1ms)
Completed 200 OK in 55ms (Views: 53.6ms | ActiveRecord: 0.3ms)


Started GET "/posts" for ::1 at 2015-04-09 11:55:50 -0300
Processing by PostsController#index as HTML
  [1m[35mPost Load (0.2ms)[0m  SELECT "posts".* FROM "posts"
  [1m[36mUser Load (0.2ms)[0m  [1mSELECT  "users".* FROM "users" WHERE "users"."id" = ? LIMIT 1[0m  [["id", 1]]
  Rendered posts/index.html.erb within layouts/application (5.3ms)
Completed 200 OK in 55ms (Views: 53.7ms | ActiveRecord: 0.4ms)


Started GET "/posts" for ::1 at 2015-04-09 12:35:55 -0300
Processing by PostsController#index as HTML
  [1m[35mPost Load (0.2ms)[0m  SELECT "posts".* FROM "posts"
  [1m[36mUser Load (0.1ms)[0m  [1mSELECT  "users".* FROM "users" WHERE "users"."id" = ? LIMIT 1[0m  [["id", 1]]
  Rendered posts/index.html.erb within layouts/application (2.8ms)
Completed 200 OK in 38ms (Views: 37.3ms | ActiveRecord: 0.2ms)


Started GET "/posts" for ::1 at 2015-04-09 12:36:14 -0300
Processing by PostsController#index as HTML
  [1m[35mPost Load (0.3ms)[0m  SELECT "posts".* FROM "posts"
  [1m[36mUser Load (0.1ms)[0m  [1mSELECT  "users".* FROM "users" WHERE "users"."id" = ? LIMIT 1[0m  [["id", 1]]
  Rendered posts/index.html.erb within layouts/application (4.7ms)
Completed 200 OK in 61ms (Views: 60.0ms | ActiveRecord: 0.4ms)


Started GET "/posts" for ::1 at 2015-04-09 12:37:04 -0300
Processing by PostsController#index as HTML
  [1m[35mPost Load (0.4ms)[0m  SELECT "posts".* FROM "posts"
  [1m[36mUser Load (0.1ms)[0m  [1mSELECT  "users".* FROM "users" WHERE "users"."id" = ? LIMIT 1[0m  [["id", 1]]
  Rendered posts/index.html.erb within layouts/application (6.1ms)
Completed 200 OK in 57ms (Views: 56.0ms | ActiveRecord: 0.5ms)


Started GET "/posts" for ::1 at 2015-04-09 12:37:21 -0300
Processing by PostsController#index as HTML
  [1m[35mPost Load (0.4ms)[0m  SELECT "posts".* FROM "posts"
  [1m[36mUser Load (0.2ms)[0m  [1mSELECT  "users".* FROM "users" WHERE "users"."id" = ? LIMIT 1[0m  [["id", 1]]
  Rendered posts/index.html.erb within layouts/application (5.7ms)
Completed 200 OK in 57ms (Views: 55.0ms | ActiveRecord: 0.6ms)


Started GET "/posts" for ::1 at 2015-04-09 12:37:47 -0300
Processing by PostsController#index as HTML
  [1m[35mPost Load (0.2ms)[0m  SELECT "posts".* FROM "posts"
  [1m[36mUser Load (0.1ms)[0m  [1mSELECT  "users".* FROM "users" WHERE "users"."id" = ? LIMIT 1[0m  [["id", 1]]
  Rendered posts/index.html.erb within layouts/application (2.6ms)
Completed 200 OK in 39ms (Views: 38.7ms | ActiveRecord: 0.2ms)


Started GET "/posts" for ::1 at 2015-04-09 12:38:11 -0300
Processing by PostsController#index as HTML
  [1m[35mPost Load (0.3ms)[0m  SELECT "posts".* FROM "posts"
  [1m[36mUser Load (0.2ms)[0m  [1mSELECT  "users".* FROM "users" WHERE "users"."id" = ? LIMIT 1[0m  [["id", 1]]
  Rendered posts/index.html.erb within layouts/application (4.3ms)
Completed 200 OK in 56ms (Views: 54.8ms | ActiveRecord: 0.4ms)


Started GET "/" for ::1 at 2015-04-09 12:38:31 -0300
Processing by HomeController#index as HTML
  [1m[35mUser Load (0.4ms)[0m  SELECT  "users".* FROM "users" WHERE "users"."id" = ?  ORDER BY "users"."id" ASC LIMIT 1  [["id", 1]]
  Rendered home/index.html.erb within layouts/application (3.5ms)
Completed 200 OK in 52ms (Views: 44.1ms | ActiveRecord: 0.4ms)


Started GET "/" for ::1 at 2015-04-09 12:39:00 -0300
Processing by HomeController#index as HTML
  [1m[36mUser Load (0.2ms)[0m  [1mSELECT  "users".* FROM "users" WHERE "users"."id" = ?  ORDER BY "users"."id" ASC LIMIT 1[0m  [["id", 1]]
  Rendered home/index.html.erb within layouts/application (4.4ms)
Completed 200 OK in 57ms (Views: 53.9ms | ActiveRecord: 0.2ms)


Started GET "/posts" for ::1 at 2015-04-09 13:09:39 -0300
Processing by PostsController#index as HTML
  [1m[35mPost Load (0.3ms)[0m  SELECT "posts".* FROM "posts"
  [1m[36mUser Load (0.1ms)[0m  [1mSELECT  "users".* FROM "users" WHERE "users"."id" = ? LIMIT 1[0m  [["id", 1]]
  Rendered posts/index.html.erb within layouts/application (4.3ms)
Completed 200 OK in 60ms (Views: 58.7ms | ActiveRecord: 0.4ms)


Started GET "/" for ::1 at 2015-04-09 13:25:46 -0300
Processing by HomeController#index as HTML
  [1m[35mUser Load (0.2ms)[0m  SELECT  "users".* FROM "users" WHERE "users"."id" = ?  ORDER BY "users"."id" ASC LIMIT 1  [["id", 1]]
  Rendered home/index.html.erb within layouts/application (4.8ms)
Completed 200 OK in 59ms (Views: 54.6ms | ActiveRecord: 0.2ms)


Started GET "/" for ::1 at 2015-04-09 14:29:39 -0300
  [1m[36mActiveRecord::SchemaMigration Load (0.3ms)[0m  [1mSELECT "schema_migrations".* FROM "schema_migrations"[0m
Processing by HomeController#index as HTML
  [1m[35mUser Load (0.1ms)[0m  SELECT  "users".* FROM "users" WHERE "users"."id" = ?  ORDER BY "users"."id" ASC LIMIT 1  [["id", 1]]
  Rendered home/index.html.erb within layouts/application (19.3ms)
Completed 200 OK in 130ms (Views: 87.5ms | ActiveRecord: 0.8ms)


Started GET "/posts" for ::1 at 2015-04-09 14:50:39 -0300
  [1m[36mActiveRecord::SchemaMigration Load (0.1ms)[0m  [1mSELECT "schema_migrations".* FROM "schema_migrations"[0m
Processing by PostsController#index as HTML
  [1m[35mPost Load (0.1ms)[0m  SELECT "posts".* FROM "posts"
  [1m[36mUser Load (0.2ms)[0m  [1mSELECT  "users".* FROM "users" WHERE "users"."id" = ? LIMIT 1[0m  [["id", 1]]
  Rendered posts/index.html.erb within layouts/application (28.4ms)
Completed 200 OK in 112ms (Views: 98.0ms | ActiveRecord: 0.8ms)
  [1m[36mActiveRecord::SchemaMigration Load (0.1ms)[0m  [1mSELECT "schema_migrations".* FROM "schema_migrations"[0m
Migrating to CreateLikings (20150409175914)
  [1m[35m (0.1ms)[0m  begin transaction
  [1m[36m (0.3ms)[0m  [1mCREATE TABLE "likings" ("id" INTEGER PRIMARY KEY AUTOINCREMENT NOT NULL, "user_id" integer, "post_id" integer, "created_at" datetime NOT NULL, "updated_at" datetime NOT NULL) [0m
  [1m[35m (0.1ms)[0m  select sqlite_version(*)
  [1m[36m (0.1ms)[0m  [1mCREATE  INDEX "index_likings_on_user_id" ON "likings" ("user_id")[0m
  [1m[35m (0.1ms)[0m              SELECT sql
            FROM sqlite_master
            WHERE name='index_likings_on_user_id' AND type='index'
            UNION ALL
            SELECT sql
            FROM sqlite_temp_master
            WHERE name='index_likings_on_user_id' AND type='index'

  [1m[36m (0.1ms)[0m  [1mCREATE  INDEX "index_likings_on_post_id" ON "likings" ("post_id")[0m
  [1m[35mSQL (0.1ms)[0m  INSERT INTO "schema_migrations" ("version") VALUES (?)  [["version", "20150409175914"]]
  [1m[36m (258.6ms)[0m  [1mcommit transaction[0m
  [1m[35mActiveRecord::SchemaMigration Load (0.2ms)[0m  SELECT "schema_migrations".* FROM "schema_migrations"
  [1m[36m (0.2ms)[0m  [1m            SELECT sql
            FROM sqlite_master
            WHERE name='index_likings_on_post_id' AND type='index'
            UNION ALL
            SELECT sql
            FROM sqlite_temp_master
            WHERE name='index_likings_on_post_id' AND type='index'
[0m
  [1m[35m (0.2ms)[0m              SELECT sql
            FROM sqlite_master
            WHERE name='index_likings_on_user_id' AND type='index'
            UNION ALL
            SELECT sql
            FROM sqlite_temp_master
            WHERE name='index_likings_on_user_id' AND type='index'

  [1m[36m (0.2ms)[0m  [1m            SELECT sql
            FROM sqlite_master
            WHERE name='index_posts_on_user_id' AND type='index'
            UNION ALL
            SELECT sql
            FROM sqlite_temp_master
            WHERE name='index_posts_on_user_id' AND type='index'
[0m
  [1m[35m (0.2ms)[0m              SELECT sql
            FROM sqlite_master
            WHERE name='index_users_on_reset_password_token' AND type='index'
            UNION ALL
            SELECT sql
            FROM sqlite_temp_master
            WHERE name='index_users_on_reset_password_token' AND type='index'

  [1m[36m (0.2ms)[0m  [1m            SELECT sql
            FROM sqlite_master
            WHERE name='index_users_on_email' AND type='index'
            UNION ALL
            SELECT sql
            FROM sqlite_temp_master
            WHERE name='index_users_on_email' AND type='index'
[0m


Started GET "/posts" for ::1 at 2015-04-09 15:06:37 -0300
  [1m[36mActiveRecord::SchemaMigration Load (0.1ms)[0m  [1mSELECT "schema_migrations".* FROM "schema_migrations"[0m
Processing by PostsController#index as HTML
  [1m[35mPost Load (0.1ms)[0m  SELECT "posts".* FROM "posts"
  [1m[36mUser Load (0.3ms)[0m  [1mSELECT  "users".* FROM "users" WHERE "users"."id" = ? LIMIT 1[0m  [["id", 1]]
  Rendered posts/index.html.erb within layouts/application (28.5ms)
Completed 200 OK in 303ms (Views: 289.9ms | ActiveRecord: 0.9ms)


Started GET "/assets/likings-64e62ddc273c2f5847f30d698ca14b67.css?body=1" for ::1 at 2015-04-09 15:06:37 -0300


Started GET "/assets/application-72ca61f8964a833c8434acaafe1d9633.js?body=1" for ::1 at 2015-04-09 15:06:37 -0300


Started GET "/assets/likings-fcec5b5a277ac7c20cc9f45a209a3bcd.js?body=1" for ::1 at 2015-04-09 15:06:37 -0300


Started POST "/posts" for ::1 at 2015-04-09 15:07:48 -0300
Processing by PostsController#create as HTML
  Parameters: {"utf8"=>"✓", "authenticity_token"=>"GUu/cyW34mReJ2Rgg8pZt7lmCfyNDz4QoHR0uzETBDt+IBoi/tgh0+uP2eE3dLeuHaPVMpLoYZB9m8OZl+SLFQ==", "post"=>{"title"=>"Nuevas Tecnologías", "text"=>"Las nuevas tecnologías se centran en los procesos de comunicación y las agrupamos en tres áreas: la informática, el vídeo y la telecomunicación, con interrelaciones y desarrollos a más de un área.\r\n\r\nExiste una confusión en identificar las nuevas tecnologías con la informática por la presencia de microprocesadores en casi todos los nuevos aparatos y por la función que tiene ésta en la sociedad actual. Hacen referencia también al desarrollo tecnológico en el diseño de procesos, programas y aplicaciones.", "image"=>#<ActionDispatch::Http::UploadedFile:0x0000000229cca8 @tempfile=#<Tempfile:/tmp/RackMultipart20150409-6285-nzb80.png>, @original_filename="Captura de pantalla de 2015-04-01 09:14:30.png", @content_type="image/png", @headers="Content-Disposition: form-data; name=\"post[image]\"; filename=\"Captura de pantalla de 2015-04-01 09:14:30.png\"\r\nContent-Type: image/png\r\n">}, "commit"=>"Create Post"}
  [1m[35mUser Load (0.2ms)[0m  SELECT  "users".* FROM "users" WHERE "users"."id" = ?  ORDER BY "users"."id" ASC LIMIT 1  [["id", 1]]
Command :: file -b --mime '/tmp/594fa561d79b76ef042962cc5cddafb420150409-6285-12d4upj.png'
  [1m[36m (0.1ms)[0m  [1mbegin transaction[0m
Command :: file -b --mime '/tmp/594fa561d79b76ef042962cc5cddafb420150409-6285-1dd3ppi.png'
  [1m[35mSQL (0.4ms)[0m  INSERT INTO "posts" ("title", "text", "image_file_name", "image_content_type", "image_file_size", "image_updated_at", "user_id", "created_at", "updated_at") VALUES (?, ?, ?, ?, ?, ?, ?, ?, ?)  [["title", "Nuevas Tecnologías"], ["text", "Las nuevas tecnologías se centran en los procesos de comunicación y las agrupamos en tres áreas: la informática, el vídeo y la telecomunicación, con interrelaciones y desarrollos a más de un área.\r\n\r\nExiste una confusión en identificar las nuevas tecnologías con la informática por la presencia de microprocesadores en casi todos los nuevos aparatos y por la función que tiene ésta en la sociedad actual. Hacen referencia también al desarrollo tecnológico en el diseño de procesos, programas y aplicaciones."], ["image_file_name", "Captura_de_pantalla_de_2015-04-01_09_14_30.png"], ["image_content_type", "image/png"], ["image_file_size", 113987], ["image_updated_at", "2015-04-09 18:07:48.755603"], ["user_id", 1], ["created_at", "2015-04-09 18:07:48.765005"], ["updated_at", "2015-04-09 18:07:48.765005"]]
  [1m[36m (385.7ms)[0m  [1mcommit transaction[0m
Redirected to http://localhost:3000/
Completed 302 Found in 426ms (ActiveRecord: 386.3ms)


Started GET "/" for ::1 at 2015-04-09 15:07:49 -0300
Processing by HomeController#index as HTML
  [1m[35mUser Load (0.1ms)[0m  SELECT  "users".* FROM "users" WHERE "users"."id" = ?  ORDER BY "users"."id" ASC LIMIT 1  [["id", 1]]
  Rendered home/index.html.erb within layouts/application (18.0ms)
Completed 200 OK in 67ms (Views: 65.3ms | ActiveRecord: 0.1ms)


Started GET "/posts" for ::1 at 2015-04-09 15:07:54 -0300
Processing by PostsController#index as HTML
  [1m[36mPost Load (0.2ms)[0m  [1mSELECT "posts".* FROM "posts"[0m
  [1m[35mUser Load (0.1ms)[0m  SELECT  "users".* FROM "users" WHERE "users"."id" = ? LIMIT 1  [["id", 1]]
  [1m[36mCACHE (0.0ms)[0m  [1mSELECT  "users".* FROM "users" WHERE "users"."id" = ? LIMIT 1[0m  [["id", 1]]
  Rendered posts/index.html.erb within layouts/application (4.3ms)
Completed 200 OK in 54ms (Views: 53.4ms | ActiveRecord: 0.3ms)
